{
  "/home/gabriel/news-letter-bot/news-letter-bot-backend/src/app.module.ts": {
    "path": "/home/gabriel/news-letter-bot/news-letter-bot-backend/src/app.module.ts",
    "statementMap": {
      "0": {
        "start": { "line": 1, "column": 0 },
        "end": { "line": 1, "column": 40 }
      },
      "1": {
        "start": { "line": 2, "column": 0 },
        "end": { "line": 2, "column": 59 }
      },
      "2": {
        "start": { "line": 3, "column": 0 },
        "end": { "line": 3, "column": 61 }
      },
      "3": {
        "start": { "line": 4, "column": 0 },
        "end": { "line": 4, "column": 48 }
      },
      "4": {
        "start": { "line": 5, "column": 0 },
        "end": { "line": 5, "column": 41 }
      },
      "5": {
        "start": { "line": 6, "column": 0 },
        "end": { "line": 6, "column": 62 }
      },
      "6": {
        "start": { "line": 7, "column": 0 },
        "end": { "line": 7, "column": 61 }
      },
      "7": {
        "start": { "line": 34, "column": 7 },
        "end": { "line": 34, "column": null }
      },
      "8": {
        "start": { "line": 34, "column": 13 },
        "end": { "line": 34, "column": null }
      },
      "9": {
        "start": { "line": 14, "column": 53 },
        "end": { "line": 23, "column": 8 }
      },
      "10": {
        "start": { "line": 34, "column": 13 },
        "end": { "line": 34, "column": 22 }
      }
    },
    "fnMap": {
      "0": {
        "name": "(anonymous_1)",
        "decl": {
          "start": { "line": 14, "column": 18 },
          "end": { "line": 14, "column": 19 }
        },
        "loc": {
          "start": { "line": 14, "column": 53 },
          "end": { "line": 23, "column": 8 }
        }
      }
    },
    "branchMap": {},
    "s": {
      "0": 0,
      "1": 0,
      "2": 0,
      "3": 0,
      "4": 0,
      "5": 0,
      "6": 0,
      "7": 0,
      "8": 0,
      "9": 0,
      "10": 0
    },
    "f": { "0": 0 },
    "b": {}
  },
  "/home/gabriel/news-letter-bot/news-letter-bot-backend/src/main.ts": {
    "path": "/home/gabriel/news-letter-bot/news-letter-bot-backend/src/main.ts",
    "statementMap": {
      "0": {
        "start": { "line": 1, "column": 0 },
        "end": { "line": 1, "column": 43 }
      },
      "1": {
        "start": { "line": 2, "column": 0 },
        "end": { "line": 2, "column": 41 }
      },
      "2": {
        "start": { "line": 3, "column": 0 },
        "end": { "line": 3, "column": 48 }
      },
      "3": {
        "start": { "line": 4, "column": 0 },
        "end": { "line": 4, "column": 65 }
      },
      "4": {
        "start": { "line": 7, "column": 14 },
        "end": { "line": 7, "column": 49 }
      },
      "5": {
        "start": { "line": 8, "column": 2 },
        "end": { "line": 16, "column": 6 }
      },
      "6": {
        "start": { "line": 18, "column": 17 },
        "end": { "line": 22, "column": 10 }
      },
      "7": {
        "start": { "line": 24, "column": 19 },
        "end": { "line": 24, "column": 60 }
      },
      "8": {
        "start": { "line": 25, "column": 2 },
        "end": { "line": 25, "column": 48 }
      },
      "9": {
        "start": { "line": 27, "column": 2 },
        "end": { "line": 27, "column": 25 }
      },
      "10": {
        "start": { "line": 29, "column": 0 },
        "end": { "line": 29, "column": 12 }
      }
    },
    "fnMap": {
      "0": {
        "name": "bootstrap",
        "decl": {
          "start": { "line": 6, "column": 15 },
          "end": { "line": 6, "column": 24 }
        },
        "loc": {
          "start": { "line": 6, "column": 24 },
          "end": { "line": 28, "column": 1 }
        }
      }
    },
    "branchMap": {},
    "s": {
      "0": 0,
      "1": 0,
      "2": 0,
      "3": 0,
      "4": 0,
      "5": 0,
      "6": 0,
      "7": 0,
      "8": 0,
      "9": 0,
      "10": 0
    },
    "f": { "0": 0 },
    "b": {}
  },
  "/home/gabriel/news-letter-bot/news-letter-bot-backend/src/config/apiTags.ts": {
    "path": "/home/gabriel/news-letter-bot/news-letter-bot-backend/src/config/apiTags.ts",
    "statementMap": {
      "0": {
        "start": { "line": 1, "column": 13 },
        "end": { "line": 1, "column": 29 }
      },
      "1": {
        "start": { "line": 2, "column": 13 },
        "end": { "line": 2, "column": 31 }
      },
      "2": {
        "start": { "line": 3, "column": 13 },
        "end": { "line": 3, "column": 38 }
      }
    },
    "fnMap": {},
    "branchMap": {},
    "s": { "0": 13, "1": 13, "2": 13 },
    "f": {},
    "b": {}
  },
  "/home/gabriel/news-letter-bot/news-letter-bot-backend/src/config/errorsMessages.ts": {
    "path": "/home/gabriel/news-letter-bot/news-letter-bot-backend/src/config/errorsMessages.ts",
    "statementMap": {
      "0": {
        "start": { "line": 2, "column": 2 },
        "end": { "line": 2, "column": 61 }
      },
      "1": {
        "start": { "line": 1, "column": 0 },
        "end": { "line": 1, "column": 16 }
      },
      "2": {
        "start": { "line": 6, "column": 2 },
        "end": { "line": 6, "column": 33 }
      },
      "3": {
        "start": { "line": 5, "column": 0 },
        "end": { "line": 5, "column": 16 }
      }
    },
    "fnMap": {
      "0": {
        "name": "alreadyExist",
        "decl": {
          "start": { "line": 1, "column": 16 },
          "end": { "line": 1, "column": 28 }
        },
        "loc": {
          "start": { "line": 1, "column": 45 },
          "end": { "line": 3, "column": 1 }
        }
      },
      "1": {
        "name": "notFound",
        "decl": {
          "start": { "line": 5, "column": 16 },
          "end": { "line": 5, "column": 24 }
        },
        "loc": {
          "start": { "line": 5, "column": 41 },
          "end": { "line": 7, "column": 1 }
        }
      }
    },
    "branchMap": {},
    "s": { "0": 0, "1": 13, "2": 0, "3": 13 },
    "f": { "0": 0, "1": 0 },
    "b": {}
  },
  "/home/gabriel/news-letter-bot/news-letter-bot-backend/src/config/index.ts": {
    "path": "/home/gabriel/news-letter-bot/news-letter-bot-backend/src/config/index.ts",
    "statementMap": {
      "0": {
        "start": { "line": 1, "column": 0 },
        "end": { "line": 1, "column": 45 }
      },
      "1": {
        "start": { "line": 2, "column": 0 },
        "end": { "line": 2, "column": 50 }
      },
      "2": {
        "start": { "line": 3, "column": 0 },
        "end": { "line": 3, "column": 34 }
      }
    },
    "fnMap": {},
    "branchMap": {},
    "s": { "0": 13, "1": 13, "2": 13 },
    "f": {},
    "b": {}
  },
  "/home/gabriel/news-letter-bot/news-letter-bot-backend/src/config/routesNames.ts": {
    "path": "/home/gabriel/news-letter-bot/news-letter-bot-backend/src/config/routesNames.ts",
    "statementMap": {
      "0": {
        "start": { "line": 1, "column": 13 },
        "end": { "line": 1, "column": 29 }
      },
      "1": {
        "start": { "line": 2, "column": 13 },
        "end": { "line": 2, "column": 31 }
      },
      "2": {
        "start": { "line": 3, "column": 13 },
        "end": { "line": 3, "column": 38 }
      }
    },
    "fnMap": {},
    "branchMap": {},
    "s": { "0": 13, "1": 13, "2": 13 },
    "f": {},
    "b": {}
  },
  "/home/gabriel/news-letter-bot/news-letter-bot-backend/src/modules/guilds/guilds.module.ts": {
    "path": "/home/gabriel/news-letter-bot/news-letter-bot-backend/src/modules/guilds/guilds.module.ts",
    "statementMap": {
      "0": {
        "start": { "line": 1, "column": 0 },
        "end": { "line": 1, "column": 40 }
      },
      "1": {
        "start": { "line": 2, "column": 0 },
        "end": { "line": 2, "column": 48 }
      },
      "2": {
        "start": { "line": 3, "column": 0 },
        "end": { "line": 3, "column": 44 }
      },
      "3": {
        "start": { "line": 4, "column": 0 },
        "end": { "line": 4, "column": 77 }
      },
      "4": {
        "start": { "line": 5, "column": 0 },
        "end": { "line": 5, "column": 71 }
      },
      "5": {
        "start": { "line": 6, "column": 0 },
        "end": { "line": 6, "column": 77 }
      },
      "6": {
        "start": { "line": 7, "column": 0 },
        "end": { "line": 7, "column": 71 }
      },
      "7": {
        "start": { "line": 8, "column": 0 },
        "end": { "line": 8, "column": 71 }
      },
      "8": {
        "start": { "line": 9, "column": 0 },
        "end": { "line": 9, "column": 65 }
      },
      "9": {
        "start": { "line": 10, "column": 0 },
        "end": { "line": 10, "column": 71 }
      },
      "10": {
        "start": { "line": 11, "column": 0 },
        "end": { "line": 11, "column": 77 }
      },
      "11": {
        "start": { "line": 28, "column": 7 },
        "end": { "line": 28, "column": null }
      },
      "12": {
        "start": { "line": 28, "column": 13 },
        "end": { "line": 28, "column": null }
      },
      "13": {
        "start": { "line": 28, "column": 13 },
        "end": { "line": 28, "column": 25 }
      }
    },
    "fnMap": {},
    "branchMap": {},
    "s": {
      "0": 0,
      "1": 0,
      "2": 0,
      "3": 0,
      "4": 0,
      "5": 0,
      "6": 0,
      "7": 0,
      "8": 0,
      "9": 0,
      "10": 0,
      "11": 0,
      "12": 0,
      "13": 0
    },
    "f": {},
    "b": {}
  },
  "/home/gabriel/news-letter-bot/news-letter-bot-backend/src/modules/guilds/contexts/create/create.controller.ts": {
    "path": "/home/gabriel/news-letter-bot/news-letter-bot-backend/src/modules/guilds/contexts/create/create.controller.ts",
    "statementMap": {
      "0": {
        "start": { "line": 1, "column": 0 },
        "end": { "line": 1, "column": 78 }
      },
      "1": {
        "start": { "line": 2, "column": 0 },
        "end": { "line": 2, "column": 55 }
      },
      "2": {
        "start": { "line": 3, "column": 0 },
        "end": { "line": 3, "column": 46 }
      },
      "3": {
        "start": { "line": 4, "column": 0 },
        "end": { "line": 4, "column": 44 }
      },
      "4": {
        "start": { "line": 5, "column": 0 },
        "end": { "line": 5, "column": 99 }
      },
      "5": {
        "start": { "line": 6, "column": 0 },
        "end": { "line": 6, "column": 47 }
      },
      "6": {
        "start": { "line": 10, "column": 7 },
        "end": { "line": 21, "column": null }
      },
      "7": {
        "start": { "line": 11, "column": 22 },
        "end": { "line": 11, "column": 31 }
      },
      "8": {
        "start": { "line": 19, "column": 4 },
        "end": { "line": 19, "column": 37 }
      },
      "9": {
        "start": { "line": 13, "column": 2 },
        "end": { "line": 20, "column": null }
      },
      "10": {
        "start": { "line": 10, "column": 13 },
        "end": { "line": 21, "column": null }
      },
      "11": {
        "start": { "line": 10, "column": 13 },
        "end": { "line": 10, "column": 35 }
      }
    },
    "fnMap": {
      "0": {
        "name": "(anonymous_4)",
        "decl": {
          "start": { "line": 11, "column": 2 },
          "end": { "line": 11, "column": 22 }
        },
        "loc": {
          "start": { "line": 11, "column": 50 },
          "end": { "line": 11, "column": 54 }
        }
      },
      "1": {
        "name": "(anonymous_5)",
        "decl": {
          "start": { "line": 18, "column": 2 },
          "end": { "line": 18, "column": 9 }
        },
        "loc": {
          "start": { "line": 18, "column": 37 },
          "end": { "line": 20, "column": 3 }
        }
      }
    },
    "branchMap": {},
    "s": {
      "0": 1,
      "1": 1,
      "2": 1,
      "3": 1,
      "4": 1,
      "5": 1,
      "6": 1,
      "7": 1,
      "8": 0,
      "9": 1,
      "10": 1,
      "11": 1
    },
    "f": { "0": 1, "1": 0 },
    "b": {}
  },
  "/home/gabriel/news-letter-bot/news-letter-bot-backend/src/modules/guilds/contexts/create/create.dto.ts": {
    "path": "/home/gabriel/news-letter-bot/news-letter-bot-backend/src/modules/guilds/contexts/create/create.dto.ts",
    "statementMap": {
      "0": {
        "start": { "line": 1, "column": 0 },
        "end": { "line": 1, "column": 46 }
      },
      "1": {
        "start": { "line": 2, "column": 0 },
        "end": { "line": 2, "column": 77 }
      },
      "2": {
        "start": { "line": 5, "column": 2 },
        "end": { "line": 8, "column": null }
      },
      "3": {
        "start": { "line": 10, "column": 2 },
        "end": { "line": 13, "column": null }
      },
      "4": {
        "start": { "line": 15, "column": 2 },
        "end": { "line": 18, "column": null }
      },
      "5": {
        "start": { "line": 4, "column": 0 },
        "end": { "line": 4, "column": 13 }
      }
    },
    "fnMap": {},
    "branchMap": {},
    "s": { "0": 1, "1": 1, "2": 1, "3": 1, "4": 1, "5": 1 },
    "f": {},
    "b": {}
  },
  "/home/gabriel/news-letter-bot/news-letter-bot-backend/src/modules/guilds/contexts/create/create.service.ts": {
    "path": "/home/gabriel/news-letter-bot/news-letter-bot-backend/src/modules/guilds/contexts/create/create.service.ts",
    "statementMap": {
      "0": {
        "start": { "line": 1, "column": 0 },
        "end": { "line": 1, "column": 73 }
      },
      "1": {
        "start": { "line": 3, "column": 0 },
        "end": { "line": 3, "column": 51 }
      },
      "2": {
        "start": { "line": 4, "column": 0 },
        "end": { "line": 4, "column": 44 }
      },
      "3": {
        "start": { "line": 5, "column": 0 },
        "end": { "line": 5, "column": 37 }
      },
      "4": {
        "start": { "line": 6, "column": 0 },
        "end": { "line": 6, "column": 57 }
      },
      "5": {
        "start": { "line": 9, "column": 32 },
        "end": { "line": 31, "column": null }
      },
      "6": {
        "start": { "line": 13, "column": 46 },
        "end": { "line": 13, "column": 63 }
      },
      "7": {
        "start": { "line": 10, "column": 19 },
        "end": { "line": 10, "column": 65 }
      },
      "8": {
        "start": { "line": 17, "column": 4 },
        "end": { "line": 17, "column": 64 }
      },
      "9": {
        "start": { "line": 19, "column": 24 },
        "end": { "line": 21, "column": 6 }
      },
      "10": {
        "start": { "line": 23, "column": 4 },
        "end": { "line": 25, "column": null }
      },
      "11": {
        "start": { "line": 24, "column": 6 },
        "end": { "line": 24, "column": 58 }
      },
      "12": {
        "start": { "line": 27, "column": 18 },
        "end": { "line": 27, "column": 50 }
      },
      "13": {
        "start": { "line": 29, "column": 4 },
        "end": { "line": 29, "column": 44 }
      },
      "14": {
        "start": { "line": 9, "column": 13 },
        "end": { "line": 31, "column": null }
      },
      "15": {
        "start": { "line": 9, "column": 13 },
        "end": { "line": 9, "column": 32 }
      }
    },
    "fnMap": {
      "0": {
        "name": "(anonymous_4)",
        "decl": {
          "start": { "line": 12, "column": 2 },
          "end": { "line": 12, "column": null }
        },
        "loc": {
          "start": { "line": 13, "column": 80 },
          "end": { "line": 14, "column": 6 }
        }
      },
      "1": {
        "name": "(anonymous_5)",
        "decl": {
          "start": { "line": 16, "column": 2 },
          "end": { "line": 16, "column": 7 }
        },
        "loc": {
          "start": { "line": 16, "column": 35 },
          "end": { "line": 30, "column": 3 }
        }
      }
    },
    "branchMap": {
      "0": {
        "loc": {
          "start": { "line": 23, "column": 4 },
          "end": { "line": 25, "column": null }
        },
        "type": "if",
        "locations": [
          {
            "start": { "line": 23, "column": 4 },
            "end": { "line": 25, "column": null }
          }
        ]
      }
    },
    "s": {
      "0": 1,
      "1": 1,
      "2": 1,
      "3": 1,
      "4": 1,
      "5": 1,
      "6": 1,
      "7": 1,
      "8": 0,
      "9": 0,
      "10": 0,
      "11": 0,
      "12": 0,
      "13": 0,
      "14": 1,
      "15": 1
    },
    "f": { "0": 1, "1": 0 },
    "b": { "0": [0] }
  },
  "/home/gabriel/news-letter-bot/news-letter-bot-backend/src/modules/guilds/contexts/delete/delete.controller.ts": {
    "path": "/home/gabriel/news-letter-bot/news-letter-bot-backend/src/modules/guilds/contexts/delete/delete.controller.ts",
    "statementMap": {
      "0": {
        "start": { "line": 1, "column": 0 },
        "end": { "line": 1, "column": null }
      },
      "1": {
        "start": { "line": 8, "column": 0 },
        "end": { "line": 8, "column": 47 }
      },
      "2": {
        "start": { "line": 9, "column": 0 },
        "end": { "line": 9, "column": 55 }
      },
      "3": {
        "start": { "line": 10, "column": 0 },
        "end": { "line": 10, "column": 122 }
      },
      "4": {
        "start": { "line": 14, "column": 7 },
        "end": { "line": 26, "column": null }
      },
      "5": {
        "start": { "line": 15, "column": 22 },
        "end": { "line": 15, "column": 31 }
      },
      "6": {
        "start": { "line": 24, "column": 4 },
        "end": { "line": 24, "column": 42 }
      },
      "7": {
        "start": { "line": 23, "column": 8 },
        "end": { "line": 25, "column": null }
      },
      "8": {
        "start": { "line": 14, "column": 13 },
        "end": { "line": 26, "column": null }
      },
      "9": {
        "start": { "line": 14, "column": 13 },
        "end": { "line": 14, "column": 35 }
      }
    },
    "fnMap": {
      "0": {
        "name": "(anonymous_4)",
        "decl": {
          "start": { "line": 15, "column": 2 },
          "end": { "line": 15, "column": 22 }
        },
        "loc": {
          "start": { "line": 15, "column": 50 },
          "end": { "line": 15, "column": 54 }
        }
      },
      "1": {
        "name": "(anonymous_5)",
        "decl": {
          "start": { "line": 23, "column": 2 },
          "end": { "line": 23, "column": 7 }
        },
        "loc": {
          "start": { "line": 23, "column": 53 },
          "end": { "line": 25, "column": 3 }
        }
      }
    },
    "branchMap": {},
    "s": {
      "0": 1,
      "1": 1,
      "2": 1,
      "3": 1,
      "4": 1,
      "5": 1,
      "6": 0,
      "7": 1,
      "8": 1,
      "9": 1
    },
    "f": { "0": 1, "1": 0 },
    "b": {}
  },
  "/home/gabriel/news-letter-bot/news-letter-bot-backend/src/modules/guilds/contexts/delete/delete.service.ts": {
    "path": "/home/gabriel/news-letter-bot/news-letter-bot-backend/src/modules/guilds/contexts/delete/delete.service.ts",
    "statementMap": {
      "0": {
        "start": { "line": 1, "column": 0 },
        "end": { "line": 1, "column": 71 }
      },
      "1": {
        "start": { "line": 2, "column": 0 },
        "end": { "line": 2, "column": 51 }
      },
      "2": {
        "start": { "line": 3, "column": 0 },
        "end": { "line": 3, "column": 44 }
      },
      "3": {
        "start": { "line": 4, "column": 0 },
        "end": { "line": 4, "column": 37 }
      },
      "4": {
        "start": { "line": 5, "column": 0 },
        "end": { "line": 5, "column": 53 }
      },
      "5": {
        "start": { "line": 8, "column": 32 },
        "end": { "line": 26, "column": null }
      },
      "6": {
        "start": { "line": 11, "column": 46 },
        "end": { "line": 11, "column": 63 }
      },
      "7": {
        "start": { "line": 9, "column": 19 },
        "end": { "line": 9, "column": 65 }
      },
      "8": {
        "start": { "line": 14, "column": 4 },
        "end": { "line": 14, "column": 48 }
      },
      "9": {
        "start": { "line": 16, "column": 18 },
        "end": { "line": 18, "column": 6 }
      },
      "10": {
        "start": { "line": 20, "column": 4 },
        "end": { "line": 22, "column": null }
      },
      "11": {
        "start": { "line": 21, "column": 6 },
        "end": { "line": 21, "column": 52 }
      },
      "12": {
        "start": { "line": 24, "column": 4 },
        "end": { "line": 24, "column": 46 }
      },
      "13": {
        "start": { "line": 8, "column": 13 },
        "end": { "line": 26, "column": null }
      },
      "14": {
        "start": { "line": 8, "column": 13 },
        "end": { "line": 8, "column": 32 }
      }
    },
    "fnMap": {
      "0": {
        "name": "(anonymous_4)",
        "decl": {
          "start": { "line": 10, "column": 2 },
          "end": { "line": 10, "column": null }
        },
        "loc": {
          "start": { "line": 11, "column": 80 },
          "end": { "line": 12, "column": 6 }
        }
      },
      "1": {
        "name": "(anonymous_5)",
        "decl": {
          "start": { "line": 13, "column": 2 },
          "end": { "line": 13, "column": 7 }
        },
        "loc": {
          "start": { "line": 13, "column": 33 },
          "end": { "line": 25, "column": 3 }
        }
      }
    },
    "branchMap": {
      "0": {
        "loc": {
          "start": { "line": 20, "column": 4 },
          "end": { "line": 22, "column": null }
        },
        "type": "if",
        "locations": [
          {
            "start": { "line": 20, "column": 4 },
            "end": { "line": 22, "column": null }
          }
        ]
      }
    },
    "s": {
      "0": 1,
      "1": 1,
      "2": 1,
      "3": 1,
      "4": 1,
      "5": 1,
      "6": 1,
      "7": 1,
      "8": 0,
      "9": 0,
      "10": 0,
      "11": 0,
      "12": 0,
      "13": 1,
      "14": 1
    },
    "f": { "0": 1, "1": 0 },
    "b": { "0": [0] }
  },
  "/home/gabriel/news-letter-bot/news-letter-bot-backend/src/modules/guilds/contexts/find/find.controller.ts": {
    "path": "/home/gabriel/news-letter-bot/news-letter-bot-backend/src/modules/guilds/contexts/find/find.controller.ts",
    "statementMap": {
      "0": {
        "start": { "line": 1, "column": 0 },
        "end": { "line": 1, "column": 78 }
      },
      "1": {
        "start": { "line": 2, "column": 0 },
        "end": { "line": 2, "column": 47 }
      },
      "2": {
        "start": { "line": 3, "column": 0 },
        "end": { "line": 3, "column": 51 }
      },
      "3": {
        "start": { "line": 4, "column": 0 },
        "end": { "line": 4, "column": 44 }
      },
      "4": {
        "start": { "line": 5, "column": 0 },
        "end": { "line": 5, "column": 107 }
      },
      "5": {
        "start": { "line": 9, "column": 7 },
        "end": { "line": 20, "column": null }
      },
      "6": {
        "start": { "line": 10, "column": 22 },
        "end": { "line": 10, "column": 31 }
      },
      "7": {
        "start": { "line": 18, "column": 4 },
        "end": { "line": 18, "column": 43 }
      },
      "8": {
        "start": { "line": 12, "column": 2 },
        "end": { "line": 19, "column": null }
      },
      "9": {
        "start": { "line": 9, "column": 13 },
        "end": { "line": 20, "column": null }
      },
      "10": {
        "start": { "line": 9, "column": 13 },
        "end": { "line": 9, "column": 33 }
      }
    },
    "fnMap": {
      "0": {
        "name": "(anonymous_4)",
        "decl": {
          "start": { "line": 10, "column": 2 },
          "end": { "line": 10, "column": 22 }
        },
        "loc": {
          "start": { "line": 10, "column": 48 },
          "end": { "line": 10, "column": 52 }
        }
      },
      "1": {
        "name": "(anonymous_5)",
        "decl": {
          "start": { "line": 17, "column": 2 },
          "end": { "line": 17, "column": 9 }
        },
        "loc": {
          "start": { "line": 17, "column": 47 },
          "end": { "line": 19, "column": 3 }
        }
      }
    },
    "branchMap": {},
    "s": {
      "0": 1,
      "1": 1,
      "2": 1,
      "3": 1,
      "4": 1,
      "5": 1,
      "6": 1,
      "7": 0,
      "8": 1,
      "9": 1,
      "10": 1
    },
    "f": { "0": 1, "1": 0 },
    "b": {}
  },
  "/home/gabriel/news-letter-bot/news-letter-bot-backend/src/modules/guilds/contexts/find/find.service.ts": {
    "path": "/home/gabriel/news-letter-bot/news-letter-bot-backend/src/modules/guilds/contexts/find/find.service.ts",
    "statementMap": {
      "0": {
        "start": { "line": 1, "column": 0 },
        "end": { "line": 1, "column": 71 }
      },
      "1": {
        "start": { "line": 2, "column": 0 },
        "end": { "line": 2, "column": 51 }
      },
      "2": {
        "start": { "line": 3, "column": 0 },
        "end": { "line": 3, "column": 53 }
      },
      "3": {
        "start": { "line": 4, "column": 0 },
        "end": { "line": 4, "column": 44 }
      },
      "4": {
        "start": { "line": 5, "column": 0 },
        "end": { "line": 5, "column": 37 }
      },
      "5": {
        "start": { "line": 8, "column": 30 },
        "end": { "line": 23, "column": null }
      },
      "6": {
        "start": { "line": 11, "column": 46 },
        "end": { "line": 11, "column": 63 }
      },
      "7": {
        "start": { "line": 9, "column": 19 },
        "end": { "line": 9, "column": 63 }
      },
      "8": {
        "start": { "line": 14, "column": 4 },
        "end": { "line": 14, "column": 34 }
      },
      "9": {
        "start": { "line": 15, "column": 18 },
        "end": { "line": 15, "column": 78 }
      },
      "10": {
        "start": { "line": 17, "column": 4 },
        "end": { "line": 19, "column": null }
      },
      "11": {
        "start": { "line": 18, "column": 6 },
        "end": { "line": 18, "column": 52 }
      },
      "12": {
        "start": { "line": 21, "column": 4 },
        "end": { "line": 21, "column": 17 }
      },
      "13": {
        "start": { "line": 8, "column": 13 },
        "end": { "line": 23, "column": null }
      },
      "14": {
        "start": { "line": 8, "column": 13 },
        "end": { "line": 8, "column": 30 }
      }
    },
    "fnMap": {
      "0": {
        "name": "(anonymous_4)",
        "decl": {
          "start": { "line": 10, "column": 2 },
          "end": { "line": 10, "column": null }
        },
        "loc": {
          "start": { "line": 11, "column": 80 },
          "end": { "line": 12, "column": 6 }
        }
      },
      "1": {
        "name": "(anonymous_5)",
        "decl": {
          "start": { "line": 13, "column": 2 },
          "end": { "line": 13, "column": 7 }
        },
        "loc": {
          "start": { "line": 13, "column": 33 },
          "end": { "line": 22, "column": 3 }
        }
      }
    },
    "branchMap": {
      "0": {
        "loc": {
          "start": { "line": 17, "column": 4 },
          "end": { "line": 19, "column": null }
        },
        "type": "if",
        "locations": [
          {
            "start": { "line": 17, "column": 4 },
            "end": { "line": 19, "column": null }
          }
        ]
      }
    },
    "s": {
      "0": 1,
      "1": 1,
      "2": 1,
      "3": 1,
      "4": 1,
      "5": 1,
      "6": 1,
      "7": 1,
      "8": 0,
      "9": 0,
      "10": 0,
      "11": 0,
      "12": 0,
      "13": 1,
      "14": 1
    },
    "f": { "0": 1, "1": 0 },
    "b": { "0": [0] }
  },
  "/home/gabriel/news-letter-bot/news-letter-bot-backend/src/modules/guilds/contexts/update/update.controller.ts": {
    "path": "/home/gabriel/news-letter-bot/news-letter-bot-backend/src/modules/guilds/contexts/update/update.controller.ts",
    "statementMap": {
      "0": {
        "start": { "line": 1, "column": 0 },
        "end": { "line": 1, "column": 77 }
      },
      "1": {
        "start": { "line": 2, "column": 0 },
        "end": { "line": 2, "column": 47 }
      },
      "2": {
        "start": { "line": 3, "column": 0 },
        "end": { "line": 3, "column": 55 }
      },
      "3": {
        "start": { "line": 5, "column": 0 },
        "end": { "line": 5, "column": 46 }
      },
      "4": {
        "start": { "line": 6, "column": 0 },
        "end": { "line": 6, "column": 92 }
      },
      "5": {
        "start": { "line": 10, "column": 7 },
        "end": { "line": 21, "column": null }
      },
      "6": {
        "start": { "line": 11, "column": 22 },
        "end": { "line": 11, "column": 31 }
      },
      "7": {
        "start": { "line": 19, "column": 4 },
        "end": { "line": 19, "column": 37 }
      },
      "8": {
        "start": { "line": 13, "column": 2 },
        "end": { "line": 20, "column": null }
      },
      "9": {
        "start": { "line": 10, "column": 13 },
        "end": { "line": 21, "column": null }
      },
      "10": {
        "start": { "line": 10, "column": 13 },
        "end": { "line": 10, "column": 35 }
      }
    },
    "fnMap": {
      "0": {
        "name": "(anonymous_4)",
        "decl": {
          "start": { "line": 11, "column": 2 },
          "end": { "line": 11, "column": 22 }
        },
        "loc": {
          "start": { "line": 11, "column": 50 },
          "end": { "line": 11, "column": 54 }
        }
      },
      "1": {
        "name": "(anonymous_5)",
        "decl": {
          "start": { "line": 18, "column": 2 },
          "end": { "line": 18, "column": 9 }
        },
        "loc": {
          "start": { "line": 18, "column": 37 },
          "end": { "line": 20, "column": 3 }
        }
      }
    },
    "branchMap": {},
    "s": {
      "0": 1,
      "1": 1,
      "2": 1,
      "3": 1,
      "4": 1,
      "5": 1,
      "6": 1,
      "7": 0,
      "8": 1,
      "9": 1,
      "10": 1
    },
    "f": { "0": 1, "1": 0 },
    "b": {}
  },
  "/home/gabriel/news-letter-bot/news-letter-bot-backend/src/modules/guilds/contexts/update/update.dto.ts": {
    "path": "/home/gabriel/news-letter-bot/news-letter-bot-backend/src/modules/guilds/contexts/update/update.dto.ts",
    "statementMap": {
      "0": {
        "start": { "line": 1, "column": 0 },
        "end": { "line": 1, "column": 46 }
      },
      "1": {
        "start": { "line": 2, "column": 0 },
        "end": { "line": 2, "column": 76 }
      },
      "2": {
        "start": { "line": 5, "column": 2 },
        "end": { "line": 8, "column": null }
      },
      "3": {
        "start": { "line": 10, "column": 2 },
        "end": { "line": 13, "column": null }
      },
      "4": {
        "start": { "line": 15, "column": 2 },
        "end": { "line": 18, "column": null }
      },
      "5": {
        "start": { "line": 4, "column": 0 },
        "end": { "line": 4, "column": 13 }
      }
    },
    "fnMap": {},
    "branchMap": {},
    "s": { "0": 1, "1": 1, "2": 1, "3": 1, "4": 1, "5": 1 },
    "f": {},
    "b": {}
  },
  "/home/gabriel/news-letter-bot/news-letter-bot-backend/src/modules/guilds/contexts/update/update.service.ts": {
    "path": "/home/gabriel/news-letter-bot/news-letter-bot-backend/src/modules/guilds/contexts/update/update.service.ts",
    "statementMap": {
      "0": {
        "start": { "line": 1, "column": 0 },
        "end": { "line": 1, "column": 71 }
      },
      "1": {
        "start": { "line": 2, "column": 0 },
        "end": { "line": 2, "column": 51 }
      },
      "2": {
        "start": { "line": 3, "column": 0 },
        "end": { "line": 3, "column": 53 }
      },
      "3": {
        "start": { "line": 4, "column": 0 },
        "end": { "line": 4, "column": 44 }
      },
      "4": {
        "start": { "line": 5, "column": 0 },
        "end": { "line": 5, "column": 37 }
      },
      "5": {
        "start": { "line": 9, "column": 32 },
        "end": { "line": 31, "column": null }
      },
      "6": {
        "start": { "line": 12, "column": 46 },
        "end": { "line": 12, "column": 63 }
      },
      "7": {
        "start": { "line": 10, "column": 19 },
        "end": { "line": 10, "column": 65 }
      },
      "8": {
        "start": { "line": 15, "column": 4 },
        "end": { "line": 15, "column": 36 }
      },
      "9": {
        "start": { "line": 17, "column": 18 },
        "end": { "line": 19, "column": 6 }
      },
      "10": {
        "start": { "line": 21, "column": 4 },
        "end": { "line": 23, "column": null }
      },
      "11": {
        "start": { "line": 22, "column": 6 },
        "end": { "line": 22, "column": 52 }
      },
      "12": {
        "start": { "line": 25, "column": 4 },
        "end": { "line": 29, "column": 7 }
      },
      "13": {
        "start": { "line": 9, "column": 13 },
        "end": { "line": 31, "column": null }
      },
      "14": {
        "start": { "line": 9, "column": 13 },
        "end": { "line": 9, "column": 32 }
      }
    },
    "fnMap": {
      "0": {
        "name": "(anonymous_4)",
        "decl": {
          "start": { "line": 11, "column": 2 },
          "end": { "line": 11, "column": null }
        },
        "loc": {
          "start": { "line": 12, "column": 80 },
          "end": { "line": 13, "column": 6 }
        }
      },
      "1": {
        "name": "(anonymous_5)",
        "decl": {
          "start": { "line": 14, "column": 2 },
          "end": { "line": 14, "column": 7 }
        },
        "loc": {
          "start": { "line": 14, "column": 35 },
          "end": { "line": 30, "column": 3 }
        }
      }
    },
    "branchMap": {
      "0": {
        "loc": {
          "start": { "line": 21, "column": 4 },
          "end": { "line": 23, "column": null }
        },
        "type": "if",
        "locations": [
          {
            "start": { "line": 21, "column": 4 },
            "end": { "line": 23, "column": null }
          }
        ]
      }
    },
    "s": {
      "0": 1,
      "1": 1,
      "2": 1,
      "3": 1,
      "4": 1,
      "5": 1,
      "6": 1,
      "7": 1,
      "8": 0,
      "9": 0,
      "10": 0,
      "11": 0,
      "12": 0,
      "13": 1,
      "14": 1
    },
    "f": { "0": 1, "1": 0 },
    "b": { "0": [0] }
  },
  "/home/gabriel/news-letter-bot/news-letter-bot-backend/src/modules/news/news.module.ts": {
    "path": "/home/gabriel/news-letter-bot/news-letter-bot-backend/src/modules/news/news.module.ts",
    "statementMap": {
      "0": {
        "start": { "line": 1, "column": 0 },
        "end": { "line": 1, "column": 40 }
      },
      "1": {
        "start": { "line": 2, "column": 0 },
        "end": { "line": 2, "column": 48 }
      },
      "2": {
        "start": { "line": 3, "column": 0 },
        "end": { "line": 3, "column": 80 }
      },
      "3": {
        "start": { "line": 4, "column": 0 },
        "end": { "line": 4, "column": 74 }
      },
      "4": {
        "start": { "line": 5, "column": 0 },
        "end": { "line": 5, "column": 65 }
      },
      "5": {
        "start": { "line": 6, "column": 0 },
        "end": { "line": 6, "column": 58 }
      },
      "6": {
        "start": { "line": 7, "column": 0 },
        "end": { "line": 7, "column": 89 }
      },
      "7": {
        "start": { "line": 8, "column": 0 },
        "end": { "line": 8, "column": 83 }
      },
      "8": {
        "start": { "line": 9, "column": 0 },
        "end": { "line": 9, "column": 74 }
      },
      "9": {
        "start": { "line": 10, "column": 0 },
        "end": { "line": 10, "column": 68 }
      },
      "10": {
        "start": { "line": 11, "column": 0 },
        "end": { "line": 11, "column": 77 }
      },
      "11": {
        "start": { "line": 12, "column": 0 },
        "end": { "line": 12, "column": 71 }
      },
      "12": {
        "start": { "line": 30, "column": 7 },
        "end": { "line": 30, "column": null }
      },
      "13": {
        "start": { "line": 30, "column": 13 },
        "end": { "line": 30, "column": null }
      },
      "14": {
        "start": { "line": 30, "column": 13 },
        "end": { "line": 30, "column": 28 }
      }
    },
    "fnMap": {},
    "branchMap": {},
    "s": {
      "0": 0,
      "1": 0,
      "2": 0,
      "3": 0,
      "4": 0,
      "5": 0,
      "6": 0,
      "7": 0,
      "8": 0,
      "9": 0,
      "10": 0,
      "11": 0,
      "12": 0,
      "13": 0,
      "14": 0
    },
    "f": {},
    "b": {}
  },
  "/home/gabriel/news-letter-bot/news-letter-bot-backend/src/modules/news/contexts/create/create.controller.ts": {
    "path": "/home/gabriel/news-letter-bot/news-letter-bot-backend/src/modules/news/contexts/create/create.controller.ts",
    "statementMap": {
      "0": {
        "start": { "line": 1, "column": 0 },
        "end": { "line": 1, "column": 78 }
      },
      "1": {
        "start": { "line": 2, "column": 0 },
        "end": { "line": 2, "column": 47 }
      },
      "2": {
        "start": { "line": 3, "column": 0 },
        "end": { "line": 3, "column": 45 }
      },
      "3": {
        "start": { "line": 4, "column": 0 },
        "end": { "line": 4, "column": 65 }
      },
      "4": {
        "start": { "line": 5, "column": 0 },
        "end": { "line": 5, "column": 58 }
      },
      "5": {
        "start": { "line": 6, "column": 0 },
        "end": { "line": 6, "column": 112 }
      },
      "6": {
        "start": { "line": 10, "column": 7 },
        "end": { "line": 21, "column": null }
      },
      "7": {
        "start": { "line": 11, "column": 22 },
        "end": { "line": 11, "column": 31 }
      },
      "8": {
        "start": { "line": 19, "column": 4 },
        "end": { "line": 19, "column": 37 }
      },
      "9": {
        "start": { "line": 13, "column": 2 },
        "end": { "line": 20, "column": null }
      },
      "10": {
        "start": { "line": 10, "column": 13 },
        "end": { "line": 21, "column": null }
      },
      "11": {
        "start": { "line": 10, "column": 13 },
        "end": { "line": 10, "column": 38 }
      }
    },
    "fnMap": {
      "0": {
        "name": "(anonymous_4)",
        "decl": {
          "start": { "line": 11, "column": 2 },
          "end": { "line": 11, "column": 22 }
        },
        "loc": {
          "start": { "line": 11, "column": 53 },
          "end": { "line": 11, "column": 57 }
        }
      },
      "1": {
        "name": "(anonymous_5)",
        "decl": {
          "start": { "line": 18, "column": 2 },
          "end": { "line": 18, "column": 9 }
        },
        "loc": {
          "start": { "line": 18, "column": 36 },
          "end": { "line": 20, "column": 3 }
        }
      }
    },
    "branchMap": {},
    "s": {
      "0": 1,
      "1": 1,
      "2": 1,
      "3": 1,
      "4": 1,
      "5": 1,
      "6": 1,
      "7": 1,
      "8": 0,
      "9": 1,
      "10": 1,
      "11": 1
    },
    "f": { "0": 1, "1": 0 },
    "b": {}
  },
  "/home/gabriel/news-letter-bot/news-letter-bot-backend/src/modules/news/contexts/create/create.dto.ts": {
    "path": "/home/gabriel/news-letter-bot/news-letter-bot-backend/src/modules/news/contexts/create/create.dto.ts",
    "statementMap": {
      "0": {
        "start": { "line": 1, "column": 0 },
        "end": { "line": 1, "column": 46 }
      },
      "1": {
        "start": { "line": 2, "column": 0 },
        "end": { "line": 2, "column": 55 }
      },
      "2": {
        "start": { "line": 5, "column": 2 },
        "end": { "line": 8, "column": null }
      },
      "3": {
        "start": { "line": 10, "column": 2 },
        "end": { "line": 13, "column": null }
      },
      "4": {
        "start": { "line": 4, "column": 0 },
        "end": { "line": 4, "column": 13 }
      }
    },
    "fnMap": {},
    "branchMap": {},
    "s": { "0": 1, "1": 1, "2": 1, "3": 1, "4": 1 },
    "f": {},
    "b": {}
  },
  "/home/gabriel/news-letter-bot/news-letter-bot-backend/src/modules/news/contexts/create/create.service.ts": {
    "path": "/home/gabriel/news-letter-bot/news-letter-bot-backend/src/modules/news/contexts/create/create.service.ts",
    "statementMap": {
      "0": {
        "start": { "line": 1, "column": 0 },
        "end": { "line": 1, "column": 73 }
      },
      "1": {
        "start": { "line": 2, "column": 0 },
        "end": { "line": 2, "column": 51 }
      },
      "2": {
        "start": { "line": 3, "column": 0 },
        "end": { "line": 3, "column": 37 }
      },
      "3": {
        "start": { "line": 4, "column": 0 },
        "end": { "line": 4, "column": 65 }
      },
      "4": {
        "start": { "line": 8, "column": 35 },
        "end": { "line": 29, "column": null }
      },
      "5": {
        "start": { "line": 11, "column": 50 },
        "end": { "line": 11, "column": 71 }
      },
      "6": {
        "start": { "line": 9, "column": 19 },
        "end": { "line": 9, "column": 68 }
      },
      "7": {
        "start": { "line": 14, "column": 4 },
        "end": { "line": 14, "column": 49 }
      },
      "8": {
        "start": { "line": 16, "column": 22 },
        "end": { "line": 20, "column": 6 }
      },
      "9": {
        "start": { "line": 22, "column": 4 },
        "end": { "line": 24, "column": null }
      },
      "10": {
        "start": { "line": 23, "column": 6 },
        "end": { "line": 23, "column": null }
      },
      "11": {
        "start": { "line": 26, "column": 17 },
        "end": { "line": 26, "column": 53 }
      },
      "12": {
        "start": { "line": 27, "column": 4 },
        "end": { "line": 27, "column": 47 }
      },
      "13": {
        "start": { "line": 8, "column": 13 },
        "end": { "line": 29, "column": null }
      },
      "14": {
        "start": { "line": 8, "column": 13 },
        "end": { "line": 8, "column": 35 }
      }
    },
    "fnMap": {
      "0": {
        "name": "(anonymous_4)",
        "decl": {
          "start": { "line": 10, "column": 2 },
          "end": { "line": 10, "column": null }
        },
        "loc": {
          "start": { "line": 11, "column": 92 },
          "end": { "line": 12, "column": 6 }
        }
      },
      "1": {
        "name": "(anonymous_5)",
        "decl": {
          "start": { "line": 13, "column": 2 },
          "end": { "line": 13, "column": 7 }
        },
        "loc": {
          "start": { "line": 13, "column": 34 },
          "end": { "line": 28, "column": 3 }
        }
      }
    },
    "branchMap": {
      "0": {
        "loc": {
          "start": { "line": 22, "column": 4 },
          "end": { "line": 24, "column": null }
        },
        "type": "if",
        "locations": [
          {
            "start": { "line": 22, "column": 4 },
            "end": { "line": 24, "column": null }
          }
        ]
      }
    },
    "s": {
      "0": 1,
      "1": 1,
      "2": 1,
      "3": 1,
      "4": 1,
      "5": 1,
      "6": 1,
      "7": 0,
      "8": 0,
      "9": 0,
      "10": 0,
      "11": 0,
      "12": 0,
      "13": 1,
      "14": 1
    },
    "f": { "0": 1, "1": 0 },
    "b": { "0": [0] }
  },
  "/home/gabriel/news-letter-bot/news-letter-bot-backend/src/modules/news/contexts/find/find.controller.ts": {
    "path": "/home/gabriel/news-letter-bot/news-letter-bot-backend/src/modules/news/contexts/find/find.controller.ts",
    "statementMap": {
      "0": {
        "start": { "line": 1, "column": 0 },
        "end": { "line": 1, "column": 78 }
      },
      "1": {
        "start": { "line": 2, "column": 0 },
        "end": { "line": 2, "column": 47 }
      },
      "2": {
        "start": { "line": 3, "column": 0 },
        "end": { "line": 3, "column": 54 }
      },
      "3": {
        "start": { "line": 4, "column": 0 },
        "end": { "line": 4, "column": 102 }
      },
      "4": {
        "start": { "line": 5, "column": 0 },
        "end": { "line": 5, "column": 48 }
      },
      "5": {
        "start": { "line": 9, "column": 7 },
        "end": { "line": 21, "column": null }
      },
      "6": {
        "start": { "line": 10, "column": 22 },
        "end": { "line": 10, "column": 31 }
      },
      "7": {
        "start": { "line": 19, "column": 4 },
        "end": { "line": 19, "column": 45 }
      },
      "8": {
        "start": { "line": 12, "column": 2 },
        "end": { "line": 20, "column": null }
      },
      "9": {
        "start": { "line": 9, "column": 13 },
        "end": { "line": 21, "column": null }
      },
      "10": {
        "start": { "line": 9, "column": 13 },
        "end": { "line": 9, "column": 36 }
      }
    },
    "fnMap": {
      "0": {
        "name": "(anonymous_4)",
        "decl": {
          "start": { "line": 10, "column": 2 },
          "end": { "line": 10, "column": 22 }
        },
        "loc": {
          "start": { "line": 10, "column": 51 },
          "end": { "line": 10, "column": 55 }
        }
      },
      "1": {
        "name": "(anonymous_5)",
        "decl": {
          "start": { "line": 18, "column": 2 },
          "end": { "line": 18, "column": 9 }
        },
        "loc": {
          "start": { "line": 18, "column": 51 },
          "end": { "line": 20, "column": 3 }
        }
      }
    },
    "branchMap": {},
    "s": {
      "0": 1,
      "1": 1,
      "2": 1,
      "3": 1,
      "4": 1,
      "5": 1,
      "6": 1,
      "7": 0,
      "8": 1,
      "9": 1,
      "10": 1
    },
    "f": { "0": 1, "1": 0 },
    "b": {}
  },
  "/home/gabriel/news-letter-bot/news-letter-bot-backend/src/modules/news/contexts/find/find.service.ts": {
    "path": "/home/gabriel/news-letter-bot/news-letter-bot-backend/src/modules/news/contexts/find/find.service.ts",
    "statementMap": {
      "0": {
        "start": { "line": 1, "column": 0 },
        "end": { "line": 1, "column": 92 }
      },
      "1": {
        "start": { "line": 2, "column": 0 },
        "end": { "line": 2, "column": 51 }
      },
      "2": {
        "start": { "line": 3, "column": 0 },
        "end": { "line": 3, "column": 46 }
      },
      "3": {
        "start": { "line": 4, "column": 0 },
        "end": { "line": 4, "column": 65 }
      },
      "4": {
        "start": { "line": 6, "column": 0 },
        "end": { "line": 6, "column": 53 }
      },
      "5": {
        "start": { "line": 9, "column": 33 },
        "end": { "line": 47, "column": null }
      },
      "6": {
        "start": { "line": 12, "column": 50 },
        "end": { "line": 12, "column": 71 }
      },
      "7": {
        "start": { "line": 10, "column": 19 },
        "end": { "line": 10, "column": 66 }
      },
      "8": {
        "start": { "line": 15, "column": 4 },
        "end": { "line": 15, "column": 57 }
      },
      "9": {
        "start": { "line": 18, "column": 22 },
        "end": { "line": 26, "column": 6 }
      },
      "10": {
        "start": { "line": 28, "column": 4 },
        "end": { "line": 28, "column": null }
      },
      "11": {
        "start": { "line": 28, "column": 20 },
        "end": { "line": 28, "column": null }
      },
      "12": {
        "start": { "line": 30, "column": 18 },
        "end": { "line": 30, "column": 49 }
      },
      "13": {
        "start": { "line": 32, "column": 18 },
        "end": { "line": 32, "column": 89 }
      },
      "14": {
        "start": { "line": 32, "column": 54 },
        "end": { "line": 32, "column": 61 }
      },
      "15": {
        "start": { "line": 32, "column": 76 },
        "end": { "line": 32, "column": 81 }
      },
      "16": {
        "start": { "line": 34, "column": 21 },
        "end": { "line": 34, "column": 92 }
      },
      "17": {
        "start": { "line": 34, "column": 57 },
        "end": { "line": 34, "column": 64 }
      },
      "18": {
        "start": { "line": 34, "column": 79 },
        "end": { "line": 34, "column": 84 }
      },
      "19": {
        "start": { "line": 36, "column": 4 },
        "end": { "line": 36, "column": null }
      },
      "20": {
        "start": { "line": 38, "column": 18 },
        "end": { "line": 42, "column": null }
      },
      "21": {
        "start": { "line": 45, "column": 4 },
        "end": { "line": 45, "column": 20 }
      },
      "22": {
        "start": { "line": 9, "column": 13 },
        "end": { "line": 47, "column": null }
      },
      "23": {
        "start": { "line": 9, "column": 13 },
        "end": { "line": 9, "column": 33 }
      }
    },
    "fnMap": {
      "0": {
        "name": "(anonymous_4)",
        "decl": {
          "start": { "line": 11, "column": 2 },
          "end": { "line": 11, "column": null }
        },
        "loc": {
          "start": { "line": 12, "column": 92 },
          "end": { "line": 13, "column": 6 }
        }
      },
      "1": {
        "name": "(anonymous_5)",
        "decl": {
          "start": { "line": 14, "column": 2 },
          "end": { "line": 14, "column": 7 }
        },
        "loc": {
          "start": { "line": 14, "column": 35 },
          "end": { "line": 46, "column": 3 }
        }
      },
      "2": {
        "name": "(anonymous_6)",
        "decl": {
          "start": { "line": 32, "column": 47 },
          "end": { "line": 32, "column": 48 }
        },
        "loc": {
          "start": { "line": 32, "column": 54 },
          "end": { "line": 32, "column": 61 }
        }
      },
      "3": {
        "name": "(anonymous_7)",
        "decl": {
          "start": { "line": 32, "column": 70 },
          "end": { "line": 32, "column": 71 }
        },
        "loc": {
          "start": { "line": 32, "column": 76 },
          "end": { "line": 32, "column": 81 }
        }
      },
      "4": {
        "name": "(anonymous_8)",
        "decl": {
          "start": { "line": 34, "column": 50 },
          "end": { "line": 34, "column": 51 }
        },
        "loc": {
          "start": { "line": 34, "column": 57 },
          "end": { "line": 34, "column": 64 }
        }
      },
      "5": {
        "name": "(anonymous_9)",
        "decl": {
          "start": { "line": 34, "column": 73 },
          "end": { "line": 34, "column": 74 }
        },
        "loc": {
          "start": { "line": 34, "column": 79 },
          "end": { "line": 34, "column": 84 }
        }
      }
    },
    "branchMap": {
      "0": {
        "loc": {
          "start": { "line": 28, "column": 4 },
          "end": { "line": 28, "column": null }
        },
        "type": "if",
        "locations": [
          {
            "start": { "line": 28, "column": 4 },
            "end": { "line": 28, "column": null }
          }
        ]
      }
    },
    "s": {
      "0": 1,
      "1": 1,
      "2": 1,
      "3": 1,
      "4": 1,
      "5": 1,
      "6": 1,
      "7": 1,
      "8": 0,
      "9": 0,
      "10": 0,
      "11": 0,
      "12": 0,
      "13": 0,
      "14": 0,
      "15": 0,
      "16": 0,
      "17": 0,
      "18": 0,
      "19": 0,
      "20": 0,
      "21": 0,
      "22": 1,
      "23": 1
    },
    "f": { "0": 1, "1": 0, "2": 0, "3": 0, "4": 0, "5": 0 },
    "b": { "0": [0] }
  },
  "/home/gabriel/news-letter-bot/news-letter-bot-backend/src/modules/news/contexts/getByUser/getByUser.controller.ts": {
    "path": "/home/gabriel/news-letter-bot/news-letter-bot-backend/src/modules/news/contexts/getByUser/getByUser.controller.ts",
    "statementMap": {
      "0": {
        "start": { "line": 1, "column": 0 },
        "end": { "line": 1, "column": 78 }
      },
      "1": {
        "start": { "line": 2, "column": 0 },
        "end": { "line": 2, "column": 47 }
      },
      "2": {
        "start": { "line": 3, "column": 0 },
        "end": { "line": 3, "column": 64 }
      },
      "3": {
        "start": { "line": 4, "column": 0 },
        "end": { "line": 4, "column": 115 }
      },
      "4": {
        "start": { "line": 5, "column": 0 },
        "end": { "line": 5, "column": 48 }
      },
      "5": {
        "start": { "line": 9, "column": 7 },
        "end": { "line": 21, "column": null }
      },
      "6": {
        "start": { "line": 10, "column": 22 },
        "end": { "line": 10, "column": 31 }
      },
      "7": {
        "start": { "line": 19, "column": 4 },
        "end": { "line": 19, "column": 40 }
      },
      "8": {
        "start": { "line": 12, "column": 2 },
        "end": { "line": 20, "column": null }
      },
      "9": {
        "start": { "line": 9, "column": 13 },
        "end": { "line": 21, "column": null }
      },
      "10": {
        "start": { "line": 9, "column": 13 },
        "end": { "line": 9, "column": 41 }
      }
    },
    "fnMap": {
      "0": {
        "name": "(anonymous_4)",
        "decl": {
          "start": { "line": 10, "column": 2 },
          "end": { "line": 10, "column": 22 }
        },
        "loc": {
          "start": { "line": 10, "column": 56 },
          "end": { "line": 10, "column": 60 }
        }
      },
      "1": {
        "name": "(anonymous_5)",
        "decl": {
          "start": { "line": 18, "column": 2 },
          "end": { "line": 18, "column": 9 }
        },
        "loc": {
          "start": { "line": 18, "column": 41 },
          "end": { "line": 20, "column": 3 }
        }
      }
    },
    "branchMap": {},
    "s": {
      "0": 1,
      "1": 1,
      "2": 1,
      "3": 1,
      "4": 1,
      "5": 1,
      "6": 1,
      "7": 0,
      "8": 1,
      "9": 1,
      "10": 1
    },
    "f": { "0": 1, "1": 0 },
    "b": {}
  },
  "/home/gabriel/news-letter-bot/news-letter-bot-backend/src/modules/news/contexts/getByUser/getByUser.service.ts": {
    "path": "/home/gabriel/news-letter-bot/news-letter-bot-backend/src/modules/news/contexts/getByUser/getByUser.service.ts",
    "statementMap": {
      "0": {
        "start": { "line": 1, "column": 0 },
        "end": { "line": 1, "column": 92 }
      },
      "1": {
        "start": { "line": 2, "column": 0 },
        "end": { "line": 2, "column": 51 }
      },
      "2": {
        "start": { "line": 3, "column": 0 },
        "end": { "line": 3, "column": 46 }
      },
      "3": {
        "start": { "line": 4, "column": 0 },
        "end": { "line": 4, "column": 65 }
      },
      "4": {
        "start": { "line": 5, "column": 0 },
        "end": { "line": 5, "column": 58 }
      },
      "5": {
        "start": { "line": 6, "column": 0 },
        "end": { "line": 6, "column": 53 }
      },
      "6": {
        "start": { "line": 9, "column": 38 },
        "end": { "line": 68, "column": null }
      },
      "7": {
        "start": { "line": 12, "column": 50 },
        "end": { "line": 12, "column": 71 }
      },
      "8": {
        "start": { "line": 13, "column": 45 },
        "end": { "line": 13, "column": 61 }
      },
      "9": {
        "start": { "line": 14, "column": 54 },
        "end": { "line": 14, "column": 79 }
      },
      "10": {
        "start": { "line": 10, "column": 19 },
        "end": { "line": 10, "column": 71 }
      },
      "11": {
        "start": { "line": 17, "column": 4 },
        "end": { "line": 17, "column": 52 }
      },
      "12": {
        "start": { "line": 19, "column": 17 },
        "end": { "line": 24, "column": 6 }
      },
      "13": {
        "start": { "line": 26, "column": 4 },
        "end": { "line": 28, "column": null }
      },
      "14": {
        "start": { "line": 27, "column": 6 },
        "end": { "line": 27, "column": null }
      },
      "15": {
        "start": { "line": 30, "column": 30 },
        "end": { "line": 30, "column": 78 }
      },
      "16": {
        "start": { "line": 30, "column": 62 },
        "end": { "line": 30, "column": 78 }
      },
      "17": {
        "start": { "line": 32, "column": 22 },
        "end": { "line": 40, "column": 6 }
      },
      "18": {
        "start": { "line": 43, "column": 26 },
        "end": { "line": 47, "column": 6 }
      },
      "19": {
        "start": { "line": 49, "column": 4 },
        "end": { "line": 49, "column": 59 }
      },
      "20": {
        "start": { "line": 51, "column": 18 },
        "end": { "line": 51, "column": 49 }
      },
      "21": {
        "start": { "line": 53, "column": 18 },
        "end": { "line": 53, "column": 89 }
      },
      "22": {
        "start": { "line": 53, "column": 54 },
        "end": { "line": 53, "column": 61 }
      },
      "23": {
        "start": { "line": 53, "column": 76 },
        "end": { "line": 53, "column": 81 }
      },
      "24": {
        "start": { "line": 55, "column": 21 },
        "end": { "line": 55, "column": 92 }
      },
      "25": {
        "start": { "line": 55, "column": 57 },
        "end": { "line": 55, "column": 64 }
      },
      "26": {
        "start": { "line": 55, "column": 79 },
        "end": { "line": 55, "column": 84 }
      },
      "27": {
        "start": { "line": 57, "column": 4 },
        "end": { "line": 57, "column": null }
      },
      "28": {
        "start": { "line": 59, "column": 18 },
        "end": { "line": 63, "column": null }
      },
      "29": {
        "start": { "line": 66, "column": 4 },
        "end": { "line": 66, "column": 20 }
      },
      "30": {
        "start": { "line": 9, "column": 13 },
        "end": { "line": 68, "column": null }
      },
      "31": {
        "start": { "line": 9, "column": 13 },
        "end": { "line": 9, "column": 38 }
      }
    },
    "fnMap": {
      "0": {
        "name": "(anonymous_4)",
        "decl": {
          "start": { "line": 11, "column": 2 },
          "end": { "line": 11, "column": null }
        },
        "loc": {
          "start": { "line": 14, "column": 104 },
          "end": { "line": 15, "column": 6 }
        }
      },
      "1": {
        "name": "(anonymous_5)",
        "decl": {
          "start": { "line": 16, "column": 2 },
          "end": { "line": 16, "column": 7 }
        },
        "loc": {
          "start": { "line": 16, "column": 30 },
          "end": { "line": 67, "column": 3 }
        }
      },
      "2": {
        "name": "(anonymous_6)",
        "decl": {
          "start": { "line": 30, "column": 55 },
          "end": { "line": 30, "column": 56 }
        },
        "loc": {
          "start": { "line": 30, "column": 61 },
          "end": { "line": 30, "column": 78 }
        }
      },
      "3": {
        "name": "(anonymous_7)",
        "decl": {
          "start": { "line": 53, "column": 47 },
          "end": { "line": 53, "column": 48 }
        },
        "loc": {
          "start": { "line": 53, "column": 54 },
          "end": { "line": 53, "column": 61 }
        }
      },
      "4": {
        "name": "(anonymous_8)",
        "decl": {
          "start": { "line": 53, "column": 70 },
          "end": { "line": 53, "column": 71 }
        },
        "loc": {
          "start": { "line": 53, "column": 76 },
          "end": { "line": 53, "column": 81 }
        }
      },
      "5": {
        "name": "(anonymous_9)",
        "decl": {
          "start": { "line": 55, "column": 50 },
          "end": { "line": 55, "column": 51 }
        },
        "loc": {
          "start": { "line": 55, "column": 57 },
          "end": { "line": 55, "column": 64 }
        }
      },
      "6": {
        "name": "(anonymous_10)",
        "decl": {
          "start": { "line": 55, "column": 73 },
          "end": { "line": 55, "column": 74 }
        },
        "loc": {
          "start": { "line": 55, "column": 79 },
          "end": { "line": 55, "column": 84 }
        }
      }
    },
    "branchMap": {
      "0": {
        "loc": {
          "start": { "line": 26, "column": 4 },
          "end": { "line": 28, "column": null }
        },
        "type": "if",
        "locations": [
          {
            "start": { "line": 26, "column": 4 },
            "end": { "line": 28, "column": null }
          }
        ]
      },
      "1": {
        "loc": {
          "start": { "line": 30, "column": 30 },
          "end": { "line": 30, "column": 78 }
        },
        "type": "cond-expr",
        "locations": [
          {
            "start": { "line": 30, "column": 49 },
            "end": { "line": 30, "column": 51 }
          },
          {
            "start": { "line": 30, "column": 49 },
            "end": { "line": 30, "column": 78 }
          }
        ]
      },
      "2": {
        "loc": {
          "start": { "line": 30, "column": 30 },
          "end": { "line": 30, "column": 51 }
        },
        "type": "binary-expr",
        "locations": [
          {
            "start": { "line": 30, "column": 30 },
            "end": { "line": 30, "column": 51 }
          },
          {
            "start": { "line": 30, "column": 49 },
            "end": { "line": 30, "column": 51 }
          }
        ]
      },
      "3": {
        "loc": {
          "start": { "line": 30, "column": 62 },
          "end": { "line": 30, "column": 77 }
        },
        "type": "cond-expr",
        "locations": [
          {
            "start": { "line": 30, "column": 73 },
            "end": { "line": 30, "column": 75 }
          },
          {
            "start": { "line": 30, "column": 73 },
            "end": { "line": 30, "column": 77 }
          }
        ]
      },
      "4": {
        "loc": {
          "start": { "line": 30, "column": 62 },
          "end": { "line": 30, "column": 75 }
        },
        "type": "binary-expr",
        "locations": [
          {
            "start": { "line": 30, "column": 62 },
            "end": { "line": 30, "column": 75 }
          },
          {
            "start": { "line": 30, "column": 73 },
            "end": { "line": 30, "column": 75 }
          }
        ]
      }
    },
    "s": {
      "0": 1,
      "1": 1,
      "2": 1,
      "3": 1,
      "4": 1,
      "5": 1,
      "6": 1,
      "7": 1,
      "8": 1,
      "9": 1,
      "10": 1,
      "11": 0,
      "12": 0,
      "13": 0,
      "14": 0,
      "15": 0,
      "16": 0,
      "17": 0,
      "18": 0,
      "19": 0,
      "20": 0,
      "21": 0,
      "22": 0,
      "23": 0,
      "24": 0,
      "25": 0,
      "26": 0,
      "27": 0,
      "28": 0,
      "29": 0,
      "30": 1,
      "31": 1
    },
    "f": { "0": 1, "1": 0, "2": 0, "3": 0, "4": 0, "5": 0, "6": 0 },
    "b": { "0": [0], "1": [0, 0], "2": [0, 0], "3": [0, 0], "4": [0, 0] }
  },
  "/home/gabriel/news-letter-bot/news-letter-bot-backend/src/modules/news/contexts/grade/grade.controller.ts": {
    "path": "/home/gabriel/news-letter-bot/news-letter-bot-backend/src/modules/news/contexts/grade/grade.controller.ts",
    "statementMap": {
      "0": {
        "start": { "line": 1, "column": 0 },
        "end": { "line": 1, "column": 91 }
      },
      "1": {
        "start": { "line": 2, "column": 0 },
        "end": { "line": 2, "column": 47 }
      },
      "2": {
        "start": { "line": 3, "column": 0 },
        "end": { "line": 3, "column": 56 }
      },
      "3": {
        "start": { "line": 4, "column": 0 },
        "end": { "line": 4, "column": 148 }
      },
      "4": {
        "start": { "line": 5, "column": 0 },
        "end": { "line": 5, "column": 48 }
      },
      "5": {
        "start": { "line": 9, "column": 7 },
        "end": { "line": 24, "column": null }
      },
      "6": {
        "start": { "line": 10, "column": 22 },
        "end": { "line": 10, "column": 31 }
      },
      "7": {
        "start": { "line": 22, "column": 4 },
        "end": { "line": 22, "column": 60 }
      },
      "8": {
        "start": { "line": 12, "column": 2 },
        "end": { "line": 23, "column": null }
      },
      "9": {
        "start": { "line": 9, "column": 13 },
        "end": { "line": 24, "column": null }
      },
      "10": {
        "start": { "line": 9, "column": 13 },
        "end": { "line": 9, "column": 37 }
      }
    },
    "fnMap": {
      "0": {
        "name": "(anonymous_4)",
        "decl": {
          "start": { "line": 10, "column": 2 },
          "end": { "line": 10, "column": 22 }
        },
        "loc": {
          "start": { "line": 10, "column": 52 },
          "end": { "line": 10, "column": 56 }
        }
      },
      "1": {
        "name": "(anonymous_5)",
        "decl": {
          "start": { "line": 21, "column": 2 },
          "end": { "line": 21, "column": 9 }
        },
        "loc": {
          "start": { "line": 21, "column": 115 },
          "end": { "line": 23, "column": 3 }
        }
      }
    },
    "branchMap": {},
    "s": {
      "0": 1,
      "1": 1,
      "2": 1,
      "3": 1,
      "4": 1,
      "5": 1,
      "6": 1,
      "7": 0,
      "8": 1,
      "9": 1,
      "10": 1
    },
    "f": { "0": 1, "1": 0 },
    "b": {}
  },
  "/home/gabriel/news-letter-bot/news-letter-bot-backend/src/modules/news/contexts/grade/grade.service.ts": {
    "path": "/home/gabriel/news-letter-bot/news-letter-bot-backend/src/modules/news/contexts/grade/grade.service.ts",
    "statementMap": {
      "0": {
        "start": { "line": 1, "column": 0 },
        "end": { "line": 1, "column": 92 }
      },
      "1": {
        "start": { "line": 2, "column": 0 },
        "end": { "line": 2, "column": 51 }
      },
      "2": {
        "start": { "line": 3, "column": 0 },
        "end": { "line": 3, "column": 37 }
      },
      "3": {
        "start": { "line": 4, "column": 0 },
        "end": { "line": 4, "column": 65 }
      },
      "4": {
        "start": { "line": 5, "column": 0 },
        "end": { "line": 5, "column": 53 }
      },
      "5": {
        "start": { "line": 6, "column": 0 },
        "end": { "line": 6, "column": 58 }
      },
      "6": {
        "start": { "line": 9, "column": 34 },
        "end": { "line": 89, "column": null }
      },
      "7": {
        "start": { "line": 12, "column": 50 },
        "end": { "line": 12, "column": 71 }
      },
      "8": {
        "start": { "line": 13, "column": 45 },
        "end": { "line": 13, "column": 61 }
      },
      "9": {
        "start": { "line": 14, "column": 54 },
        "end": { "line": 14, "column": 79 }
      },
      "10": {
        "start": { "line": 10, "column": 19 },
        "end": { "line": 10, "column": 67 }
      },
      "11": {
        "start": { "line": 17, "column": 4 },
        "end": { "line": 17, "column": 57 }
      },
      "12": {
        "start": { "line": 19, "column": 4 },
        "end": { "line": 21, "column": null }
      },
      "13": {
        "start": { "line": 20, "column": 6 },
        "end": { "line": 20, "column": null }
      },
      "14": {
        "start": { "line": 23, "column": 20 },
        "end": { "line": 28, "column": 6 }
      },
      "15": {
        "start": { "line": 30, "column": 4 },
        "end": { "line": 30, "column": null }
      },
      "16": {
        "start": { "line": 30, "column": 20 },
        "end": { "line": 30, "column": null }
      },
      "17": {
        "start": { "line": 32, "column": 17 },
        "end": { "line": 32, "column": 83 }
      },
      "18": {
        "start": { "line": 34, "column": 4 },
        "end": { "line": 34, "column": null }
      },
      "19": {
        "start": { "line": 34, "column": 15 },
        "end": { "line": 34, "column": null }
      },
      "20": {
        "start": { "line": 36, "column": 22 },
        "end": { "line": 36, "column": 23 }
      },
      "21": {
        "start": { "line": 38, "column": 4 },
        "end": { "line": 39, "column": null }
      },
      "22": {
        "start": { "line": 38, "column": 24 },
        "end": { "line": 38, "column": null }
      },
      "23": {
        "start": { "line": 39, "column": 9 },
        "end": { "line": 39, "column": null }
      },
      "24": {
        "start": { "line": 41, "column": 24 },
        "end": { "line": 50, "column": 6 }
      },
      "25": {
        "start": { "line": 52, "column": 4 },
        "end": { "line": 63, "column": null }
      },
      "26": {
        "start": { "line": 53, "column": 6 },
        "end": { "line": 57, "column": 9 }
      },
      "27": {
        "start": { "line": 59, "column": 6 },
        "end": { "line": 59, "column": 77 }
      },
      "28": {
        "start": { "line": 61, "column": 6 },
        "end": { "line": 61, "column": null }
      },
      "29": {
        "start": { "line": 62, "column": 6 },
        "end": { "line": 62, "column": null }
      },
      "30": {
        "start": { "line": 65, "column": 4 },
        "end": { "line": 70, "column": null }
      },
      "31": {
        "start": { "line": 72, "column": 18 },
        "end": { "line": 72, "column": 49 }
      },
      "32": {
        "start": { "line": 74, "column": 18 },
        "end": { "line": 74, "column": 89 }
      },
      "33": {
        "start": { "line": 74, "column": 54 },
        "end": { "line": 74, "column": 61 }
      },
      "34": {
        "start": { "line": 74, "column": 76 },
        "end": { "line": 74, "column": 81 }
      },
      "35": {
        "start": { "line": 76, "column": 21 },
        "end": { "line": 76, "column": 92 }
      },
      "36": {
        "start": { "line": 76, "column": 57 },
        "end": { "line": 76, "column": 64 }
      },
      "37": {
        "start": { "line": 76, "column": 79 },
        "end": { "line": 76, "column": 84 }
      },
      "38": {
        "start": { "line": 78, "column": 4 },
        "end": { "line": 78, "column": null }
      },
      "39": {
        "start": { "line": 80, "column": 18 },
        "end": { "line": 84, "column": null }
      },
      "40": {
        "start": { "line": 87, "column": 4 },
        "end": { "line": 87, "column": 20 }
      },
      "41": {
        "start": { "line": 9, "column": 13 },
        "end": { "line": 89, "column": null }
      },
      "42": {
        "start": { "line": 9, "column": 13 },
        "end": { "line": 9, "column": 34 }
      }
    },
    "fnMap": {
      "0": {
        "name": "(anonymous_4)",
        "decl": {
          "start": { "line": 11, "column": 2 },
          "end": { "line": 11, "column": null }
        },
        "loc": {
          "start": { "line": 14, "column": 104 },
          "end": { "line": 15, "column": 6 }
        }
      },
      "1": {
        "name": "(anonymous_5)",
        "decl": {
          "start": { "line": 16, "column": 2 },
          "end": { "line": 16, "column": 7 }
        },
        "loc": {
          "start": { "line": 16, "column": 66 },
          "end": { "line": 88, "column": 3 }
        }
      },
      "2": {
        "name": "(anonymous_6)",
        "decl": {
          "start": { "line": 74, "column": 47 },
          "end": { "line": 74, "column": 48 }
        },
        "loc": {
          "start": { "line": 74, "column": 54 },
          "end": { "line": 74, "column": 61 }
        }
      },
      "3": {
        "name": "(anonymous_7)",
        "decl": {
          "start": { "line": 74, "column": 70 },
          "end": { "line": 74, "column": 71 }
        },
        "loc": {
          "start": { "line": 74, "column": 76 },
          "end": { "line": 74, "column": 81 }
        }
      },
      "4": {
        "name": "(anonymous_8)",
        "decl": {
          "start": { "line": 76, "column": 50 },
          "end": { "line": 76, "column": 51 }
        },
        "loc": {
          "start": { "line": 76, "column": 57 },
          "end": { "line": 76, "column": 64 }
        }
      },
      "5": {
        "name": "(anonymous_9)",
        "decl": {
          "start": { "line": 76, "column": 73 },
          "end": { "line": 76, "column": 74 }
        },
        "loc": {
          "start": { "line": 76, "column": 79 },
          "end": { "line": 76, "column": 84 }
        }
      }
    },
    "branchMap": {
      "0": {
        "loc": {
          "start": { "line": 19, "column": 4 },
          "end": { "line": 21, "column": null }
        },
        "type": "if",
        "locations": [
          {
            "start": { "line": 19, "column": 4 },
            "end": { "line": 21, "column": null }
          }
        ]
      },
      "1": {
        "loc": {
          "start": { "line": 19, "column": 7 },
          "end": { "line": 19, "column": 44 }
        },
        "type": "binary-expr",
        "locations": [
          {
            "start": { "line": 19, "column": 7 },
            "end": { "line": 19, "column": 22 }
          },
          {
            "start": { "line": 19, "column": 26 },
            "end": { "line": 19, "column": 44 }
          }
        ]
      },
      "2": {
        "loc": {
          "start": { "line": 30, "column": 4 },
          "end": { "line": 30, "column": null }
        },
        "type": "if",
        "locations": [
          {
            "start": { "line": 30, "column": 4 },
            "end": { "line": 30, "column": null }
          }
        ]
      },
      "3": {
        "loc": {
          "start": { "line": 34, "column": 4 },
          "end": { "line": 34, "column": null }
        },
        "type": "if",
        "locations": [
          {
            "start": { "line": 34, "column": 4 },
            "end": { "line": 34, "column": null }
          }
        ]
      },
      "4": {
        "loc": {
          "start": { "line": 38, "column": 4 },
          "end": { "line": 39, "column": null }
        },
        "type": "if",
        "locations": [
          {
            "start": { "line": 38, "column": 4 },
            "end": { "line": 39, "column": null }
          },
          {
            "start": { "line": 39, "column": 9 },
            "end": { "line": 39, "column": null }
          }
        ]
      },
      "5": {
        "loc": {
          "start": { "line": 52, "column": 4 },
          "end": { "line": 63, "column": null }
        },
        "type": "if",
        "locations": [
          {
            "start": { "line": 52, "column": 4 },
            "end": { "line": 63, "column": null }
          },
          {
            "start": { "line": 60, "column": 11 },
            "end": { "line": 63, "column": null }
          }
        ]
      }
    },
    "s": {
      "0": 1,
      "1": 1,
      "2": 1,
      "3": 1,
      "4": 1,
      "5": 1,
      "6": 1,
      "7": 1,
      "8": 1,
      "9": 1,
      "10": 1,
      "11": 0,
      "12": 0,
      "13": 0,
      "14": 0,
      "15": 0,
      "16": 0,
      "17": 0,
      "18": 0,
      "19": 0,
      "20": 0,
      "21": 0,
      "22": 0,
      "23": 0,
      "24": 0,
      "25": 0,
      "26": 0,
      "27": 0,
      "28": 0,
      "29": 0,
      "30": 0,
      "31": 0,
      "32": 0,
      "33": 0,
      "34": 0,
      "35": 0,
      "36": 0,
      "37": 0,
      "38": 0,
      "39": 0,
      "40": 0,
      "41": 1,
      "42": 1
    },
    "f": { "0": 1, "1": 0, "2": 0, "3": 0, "4": 0, "5": 0 },
    "b": { "0": [0], "1": [0, 0], "2": [0], "3": [0], "4": [0, 0], "5": [0, 0] }
  },
  "/home/gabriel/news-letter-bot/news-letter-bot-backend/src/modules/users/users.module.ts": {
    "path": "/home/gabriel/news-letter-bot/news-letter-bot-backend/src/modules/users/users.module.ts",
    "statementMap": {
      "0": {
        "start": { "line": 1, "column": 0 },
        "end": { "line": 1, "column": 40 }
      },
      "1": {
        "start": { "line": 2, "column": 0 },
        "end": { "line": 2, "column": 70 }
      },
      "2": {
        "start": { "line": 3, "column": 0 },
        "end": { "line": 3, "column": 76 }
      },
      "3": {
        "start": { "line": 4, "column": 0 },
        "end": { "line": 4, "column": 48 }
      },
      "4": {
        "start": { "line": 5, "column": 0 },
        "end": { "line": 5, "column": 50 }
      },
      "5": {
        "start": { "line": 6, "column": 0 },
        "end": { "line": 6, "column": 76 }
      },
      "6": {
        "start": { "line": 7, "column": 0 },
        "end": { "line": 7, "column": 70 }
      },
      "7": {
        "start": { "line": 8, "column": 0 },
        "end": { "line": 8, "column": 70 }
      },
      "8": {
        "start": { "line": 9, "column": 0 },
        "end": { "line": 9, "column": 64 }
      },
      "9": {
        "start": { "line": 10, "column": 0 },
        "end": { "line": 10, "column": 76 }
      },
      "10": {
        "start": { "line": 11, "column": 0 },
        "end": { "line": 11, "column": 70 }
      },
      "11": {
        "start": { "line": 12, "column": 0 },
        "end": { "line": 12, "column": 82 }
      },
      "12": {
        "start": { "line": 13, "column": 0 },
        "end": { "line": 13, "column": 76 }
      },
      "13": {
        "start": { "line": 32, "column": 7 },
        "end": { "line": 32, "column": null }
      },
      "14": {
        "start": { "line": 32, "column": 13 },
        "end": { "line": 32, "column": null }
      },
      "15": {
        "start": { "line": 32, "column": 13 },
        "end": { "line": 32, "column": 24 }
      }
    },
    "fnMap": {},
    "branchMap": {},
    "s": {
      "0": 0,
      "1": 0,
      "2": 0,
      "3": 0,
      "4": 0,
      "5": 0,
      "6": 0,
      "7": 0,
      "8": 0,
      "9": 0,
      "10": 0,
      "11": 0,
      "12": 0,
      "13": 0,
      "14": 0,
      "15": 0
    },
    "f": {},
    "b": {}
  },
  "/home/gabriel/news-letter-bot/news-letter-bot-backend/src/modules/users/contexts/addGuild/addGuild.controller.ts": {
    "path": "/home/gabriel/news-letter-bot/news-letter-bot-backend/src/modules/users/contexts/addGuild/addGuild.controller.ts",
    "statementMap": {
      "0": {
        "start": { "line": 1, "column": 0 },
        "end": { "line": 1, "column": 85 }
      },
      "1": {
        "start": { "line": 2, "column": 0 },
        "end": { "line": 2, "column": 47 }
      },
      "2": {
        "start": { "line": 3, "column": 0 },
        "end": { "line": 3, "column": 58 }
      },
      "3": {
        "start": { "line": 4, "column": 0 },
        "end": { "line": 4, "column": 49 }
      },
      "4": {
        "start": { "line": 6, "column": 0 },
        "end": { "line": 6, "column": 142 }
      },
      "5": {
        "start": { "line": 10, "column": 7 },
        "end": { "line": 22, "column": null }
      },
      "6": {
        "start": { "line": 11, "column": 22 },
        "end": { "line": 11, "column": 31 }
      },
      "7": {
        "start": { "line": 20, "column": 4 },
        "end": { "line": 20, "column": 45 }
      },
      "8": {
        "start": { "line": 13, "column": 2 },
        "end": { "line": 21, "column": null }
      },
      "9": {
        "start": { "line": 10, "column": 13 },
        "end": { "line": 22, "column": null }
      },
      "10": {
        "start": { "line": 10, "column": 13 },
        "end": { "line": 10, "column": 36 }
      }
    },
    "fnMap": {
      "0": {
        "name": "(anonymous_4)",
        "decl": {
          "start": { "line": 11, "column": 2 },
          "end": { "line": 11, "column": 22 }
        },
        "loc": {
          "start": { "line": 11, "column": 51 },
          "end": { "line": 11, "column": 55 }
        }
      },
      "1": {
        "name": "(anonymous_5)",
        "decl": {
          "start": { "line": 19, "column": 2 },
          "end": { "line": 19, "column": 9 }
        },
        "loc": {
          "start": { "line": 19, "column": 71 },
          "end": { "line": 21, "column": 3 }
        }
      }
    },
    "branchMap": {},
    "s": {
      "0": 1,
      "1": 1,
      "2": 1,
      "3": 1,
      "4": 1,
      "5": 1,
      "6": 1,
      "7": 0,
      "8": 1,
      "9": 1,
      "10": 1
    },
    "f": { "0": 1, "1": 0 },
    "b": {}
  },
  "/home/gabriel/news-letter-bot/news-letter-bot-backend/src/modules/users/contexts/addGuild/addGuild.dto.ts": {
    "path": "/home/gabriel/news-letter-bot/news-letter-bot-backend/src/modules/users/contexts/addGuild/addGuild.dto.ts",
    "statementMap": {
      "0": {
        "start": { "line": 1, "column": 0 },
        "end": { "line": 1, "column": 46 }
      },
      "1": {
        "start": { "line": 2, "column": 0 },
        "end": { "line": 2, "column": 55 }
      },
      "2": {
        "start": { "line": 5, "column": 2 },
        "end": { "line": 8, "column": null }
      },
      "3": {
        "start": { "line": 4, "column": 0 },
        "end": { "line": 4, "column": 13 }
      }
    },
    "fnMap": {},
    "branchMap": {},
    "s": { "0": 1, "1": 1, "2": 1, "3": 1 },
    "f": {},
    "b": {}
  },
  "/home/gabriel/news-letter-bot/news-letter-bot-backend/src/modules/users/contexts/addGuild/addGuild.service.ts": {
    "path": "/home/gabriel/news-letter-bot/news-letter-bot-backend/src/modules/users/contexts/addGuild/addGuild.service.ts",
    "statementMap": {
      "0": {
[...]
      "9": {
        "start": { "line": 18, "column": 17 },
        "end": { "line": 21, "column": 6 }
      },
      "10": {
        "start": { "line": 23, "column": 4 },
        "end": { "line": 25, "column": null }
      },
      "11": {
        "start": { "line": 24, "column": 6 },
        "end": { "line": 24, "column": 52 }
      },
      "12": {
        "start": { "line": 27, "column": 4 },
        "end": { "line": 33, "column": 7 }
      },
      "13": {
        "start": { "line": 9, "column": 13 },
        "end": { "line": 35, "column": null }
      },
      "14": {
        "start": { "line": 9, "column": 13 },
        "end": { "line": 9, "column": 31 }
      }
    },
    "fnMap": {
      "0": {
        "name": "(anonymous_4)",
        "decl": {
          "start": { "line": 12, "column": 2 },
          "end": { "line": 12, "column": null }
        },
        "loc": {
          "start": { "line": 13, "column": 77 },
          "end": { "line": 14, "column": 6 }
        }
      },
      "1": {
        "name": "(anonymous_5)",
        "decl": {
          "start": { "line": 15, "column": 2 },
          "end": { "line": 15, "column": 7 }
        },
        "loc": {
          "start": { "line": 15, "column": 53 },
          "end": { "line": 34, "column": 3 }
        }
      }
    },
    "branchMap": {
      "0": {
        "loc": {
          "start": { "line": 23, "column": 4 },
          "end": { "line": 25, "column": null }
        },
        "type": "if",
        "locations": [
          {
            "start": { "line": 23, "column": 4 },
            "end": { "line": 25, "column": null }
          }
        ]
      },
      "1": {
        "loc": {
          "start": { "line": 29, "column": 12 },
          "end": { "line": 29, "column": 33 }
        },
        "type": "binary-expr",
        "locations": [
          {
            "start": { "line": 29, "column": 12 },
            "end": { "line": 29, "column": 20 }
          },
          {
            "start": { "line": 29, "column": 24 },
            "end": { "line": 29, "column": 33 }
          }
        ]
      },
      "2": {
        "loc": {
          "start": { "line": 31, "column": 13 },
          "end": { "line": 31, "column": 60 }
        },
        "type": "cond-expr",
        "locations": [
          {
            "start": { "line": 31, "column": 38 },
            "end": { "line": 31, "column": 47 }
          },
          {
            "start": { "line": 31, "column": 50 },
            "end": { "line": 31, "column": 60 }
          }
        ]
      },
      "3": {
        "loc": {
          "start": { "line": 32, "column": 15 },
          "end": { "line": 32, "column": 68 }
        },
        "type": "cond-expr",
        "locations": [
          {
            "start": { "line": 32, "column": 42 },
            "end": { "line": 32, "column": 53 }
          },
          {
            "start": { "line": 32, "column": 56 },
            "end": { "line": 32, "column": 68 }
          }
        ]
      }
    },
    "s": {
      "0": 1,
      "1": 1,
      "2": 1,
      "3": 1,
      "4": 1,
      "5": 1,
      "6": 1,
      "7": 1,
      "8": 0,
      "9": 0,
      "10": 0,
      "11": 0,
      "12": 0,
      "13": 1,
      "14": 1
    },
    "f": { "0": 1, "1": 0 },
    "b": { "0": [0], "1": [0, 0], "2": [0, 0], "3": [0, 0] }
  },
  "/home/gabriel/news-letter-bot/news-letter-bot-backend/src/shared/entities/guild.entity.ts": {
    "path": "/home/gabriel/news-letter-bot/news-letter-bot-backend/src/shared/entities/guild.entity.ts",
    "statementMap": {
      "0": {
        "start": { "line": 1, "column": 0 },
        "end": { "line": 1, "column": 62 }
      },
      "1": {
        "start": { "line": 2, "column": 0 },
        "end": { "line": 2, "column": 41 }
      },
      "2": {
        "start": { "line": 3, "column": 0 },
        "end": { "line": 3, "column": 101 }
      },
      "3": {
        "start": { "line": 6, "column": 7 },
        "end": { "line": 42, "column": null }
      },
      "4": {
        "start": { "line": 7, "column": 2 },
        "end": { "line": 12, "column": null }
      },
      "5": {
        "start": { "line": 14, "column": 2 },
        "end": { "line": 18, "column": null }
      },
      "6": {
        "start": { "line": 20, "column": 2 },
        "end": { "line": 25, "column": null }
      },
      "7": {
        "start": { "line": 27, "column": 2 },
        "end": { "line": 33, "column": null }
      },
      "8": {
        "start": { "line": 35, "column": 2 },
        "end": { "line": 37, "column": null }
      },
      "9": {
        "start": { "line": 39, "column": 2 },
        "end": { "line": 41, "column": null }
      },
      "10": {
        "start": { "line": 6, "column": 13 },
        "end": { "line": 42, "column": null }
      },
      "11": {
        "start": { "line": 6, "column": 13 },
        "end": { "line": 6, "column": 18 }
      }
    },
    "fnMap": {},
    "branchMap": {},
    "s": {
      "0": 13,
      "1": 13,
      "2": 13,
      "3": 13,
      "4": 13,
      "5": 13,
      "6": 13,
      "7": 13,
      "8": 13,
      "9": 13,
      "10": 13,
      "11": 13
    },
    "f": {},
    "b": {}
  },
  "/home/gabriel/news-letter-bot/news-letter-bot-backend/src/shared/entities/index.ts": {
    "path": "/home/gabriel/news-letter-bot/news-letter-bot-backend/src/shared/entities/index.ts",
    "statementMap": {
      "0": {
        "start": { "line": 1, "column": 0 },
        "end": { "line": 1, "column": 9 }
      },
      "1": {
        "start": { "line": 8, "column": 15 },
        "end": { "line": 1, "column": 39 }
      },
      "2": {
        "start": { "line": 2, "column": 0 },
        "end": { "line": 2, "column": 9 }
      },
      "3": {
        "start": { "line": 8, "column": 9 },
        "end": { "line": 2, "column": 37 }
      },
      "4": {
        "start": { "line": 3, "column": 0 },
        "end": { "line": 3, "column": 9 }
      },
      "5": {
        "start": { "line": 8, "column": 22 },
        "end": { "line": 3, "column": 47 }
      },
      "6": {
        "start": { "line": 4, "column": 0 },
        "end": { "line": 4, "column": 9 }
      },
      "7": {
        "start": { "line": 8, "column": 33 },
        "end": { "line": 4, "column": 55 }
      },
      "8": {
        "start": { "line": 6, "column": 17 },
        "end": { "line": 6, "column": 56 }
      },
      "9": {
        "start": { "line": 10, "column": 0 },
        "end": { "line": 10, "column": 24 }
      }
    },
    "fnMap": {
      "0": {
        "name": "(anonymous_0)",
        "decl": {
          "start": { "line": 8, "column": 15 },
          "end": { "line": 8, "column": 20 }
        },
        "loc": {
          "start": { "line": 8, "column": 15 },
          "end": { "line": 1, "column": 39 }
        }
      },
      "1": {
        "name": "(anonymous_1)",
        "decl": {
          "start": { "line": 8, "column": 9 },
          "end": { "line": 8, "column": 13 }
        },
        "loc": {
          "start": { "line": 8, "column": 9 },
          "end": { "line": 2, "column": 37 }
        }
      },
      "2": {
        "name": "(anonymous_2)",
        "decl": {
          "start": { "line": 8, "column": 22 },
          "end": { "line": 8, "column": 31 }
        },
        "loc": {
          "start": { "line": 8, "column": 22 },
          "end": { "line": 3, "column": 47 }
        }
      },
      "3": {
        "name": "(anonymous_3)",
        "decl": {
          "start": { "line": 8, "column": 33 },
          "end": { "line": 8, "column": 46 }
        },
        "loc": {
          "start": { "line": 8, "column": 33 },
          "end": { "line": 4, "column": 55 }
        }
      }
    },
    "branchMap": {},
    "s": {
      "0": 13,
      "1": 28,
      "2": 13,
      "3": 25,
      "4": 13,
      "5": 20,
      "6": 13,
      "7": 17,
      "8": 13,
      "9": 13
    },
    "f": { "0": 15, "1": 12, "2": 7, "3": 4 },
    "b": {}
  },
  "/home/gabriel/news-letter-bot/news-letter-bot-backend/src/shared/entities/newspaper.entity.ts": {
    "path": "/home/gabriel/news-letter-bot/news-letter-bot-backend/src/shared/entities/newspaper.entity.ts",
    "statementMap": {
      "0": {
        "start": { "line": 1, "column": 0 },
        "end": { "line": 1, "column": 112 }
      },
      "1": {
        "start": { "line": 2, "column": 0 },
        "end": { "line": 2, "column": 55 }
      },
      "2": {
        "start": { "line": 3, "column": 0 },
        "end": { "line": 3, "column": 46 }
      },
      "3": {
        "start": { "line": 6, "column": 7 },
        "end": { "line": 37, "column": null }
      },
      "4": {
        "start": { "line": 7, "column": 2 },
        "end": { "line": 12, "column": null }
      },
      "5": {
        "start": { "line": 14, "column": 2 },
        "end": { "line": 18, "column": null }
      },
      "6": {
        "start": { "line": 20, "column": 2 },
        "end": { "line": 24, "column": null }
      },
      "7": {
        "start": { "line": 26, "column": 2 },
        "end": { "line": 28, "column": null }
      },
      "8": {
        "start": { "line": 27, "column": 19 },
        "end": { "line": 27, "column": 32 }
      },
      "9": {
        "start": { "line": 27, "column": 53 },
        "end": { "line": 27, "column": 76 }
      },
      "10": {
        "start": { "line": 30, "column": 2 },
        "end": { "line": 32, "column": null }
      },
      "11": {
        "start": { "line": 34, "column": 2 },
        "end": { "line": 36, "column": null }
      },
      "12": {
        "start": { "line": 6, "column": 13 },
        "end": { "line": 37, "column": null }
      },
      "13": {
        "start": { "line": 6, "column": 13 },
        "end": { "line": 6, "column": 22 }
      }
    },
    "fnMap": {
      "0": {
        "name": "(anonymous_2)",
        "decl": {
          "start": { "line": 27, "column": 13 },
          "end": { "line": 27, "column": 16 }
        },
        "loc": {
          "start": { "line": 27, "column": 19 },
          "end": { "line": 27, "column": 32 }
        }
      },
      "1": {
        "name": "(anonymous_3)",
        "decl": {
          "start": { "line": 27, "column": 34 },
          "end": { "line": 27, "column": 35 }
        },
        "loc": {
          "start": { "line": 27, "column": 53 },
          "end": { "line": 27, "column": 76 }
        }
      }
    },
    "branchMap": {},
    "s": {
      "0": 13,
      "1": 13,
      "2": 13,
      "3": 13,
      "4": 13,
      "5": 13,
      "6": 13,
      "7": 13,
      "8": 0,
      "9": 0,
      "10": 13,
      "11": 13,
      "12": 13,
      "13": 13
    },
    "f": { "0": 0, "1": 0 },
    "b": {}
  },
  "/home/gabriel/news-letter-bot/news-letter-bot-backend/src/shared/entities/user.entity.ts": {
    "path": "/home/gabriel/news-letter-bot/news-letter-bot-backend/src/shared/entities/user.entity.ts",
    "statementMap": {
      "0": {
        "start": { "line": 1, "column": 0 },
        "end": { "line": 1, "column": null }
      },
      "1": {
        "start": { "line": 11, "column": 0 },
        "end": { "line": 11, "column": 39 }
      },
      "2": {
        "start": { "line": 12, "column": 0 },
        "end": { "line": 12, "column": 55 }
      },
      "3": {
        "start": { "line": 13, "column": 0 },
        "end": { "line": 13, "column": 41 }
      },
      "4": {
        "start": { "line": 14, "column": 0 },
        "end": { "line": 14, "column": 46 }
      },
      "5": {
        "start": { "line": 17, "column": 7 },
        "end": { "line": 80, "column": null }
      },
      "6": {
        "start": { "line": 18, "column": 2 },
        "end": { "line": 23, "column": null }
      },
      "7": {
        "start": { "line": 25, "column": 2 },
        "end": { "line": 29, "column": null }
      },
      "8": {
        "start": { "line": 31, "column": 2 },
        "end": { "line": 36, "column": null }
      },
      "9": {
        "start": { "line": 38, "column": 2 },
        "end": { "line": 44, "column": null }
      },
      "10": {
        "start": { "line": 46, "column": 2 },
        "end": { "line": 52, "column": null }
      },
      "11": {
        "start": { "line": 54, "column": 2 },
        "end": { "line": 67, "column": null }
      },
      "12": {
        "start": { "line": 55, "column": 20 },
        "end": { "line": 55, "column": 25 }
      },
      "13": {
        "start": { "line": 69, "column": 2 },
        "end": { "line": 71, "column": null }
      },
      "14": {
        "start": { "line": 70, "column": 19 },
        "end": { "line": 70, "column": 32 }
      },
      "15": {
        "start": { "line": 70, "column": 53 },
        "end": { "line": 70, "column": 71 }
      },
      "16": {
        "start": { "line": 73, "column": 2 },
        "end": { "line": 75, "column": null }
      },
      "17": {
        "start": { "line": 77, "column": 2 },
        "end": { "line": 79, "column": null }
      },
      "18": {
        "start": { "line": 17, "column": 13 },
        "end": { "line": 80, "column": null }
      },
      "19": {
        "start": { "line": 17, "column": 13 },
        "end": { "line": 17, "column": 17 }
      }
    },
    "fnMap": {
      "0": {
        "name": "(anonymous_2)",
        "decl": {
          "start": { "line": 55, "column": 14 },
          "end": { "line": 55, "column": 17 }
        },
        "loc": {
          "start": { "line": 55, "column": 20 },
          "end": { "line": 55, "column": 25 }
        }
      },
      "1": {
        "name": "(anonymous_3)",
        "decl": {
          "start": { "line": 70, "column": 13 },
          "end": { "line": 70, "column": 16 }
        },
        "loc": {
          "start": { "line": 70, "column": 19 },
          "end": { "line": 70, "column": 32 }
        }
      },
      "2": {
        "name": "(anonymous_4)",
        "decl": {
          "start": { "line": 70, "column": 34 },
          "end": { "line": 70, "column": 35 }
        },
        "loc": {
          "start": { "line": 70, "column": 53 },
          "end": { "line": 70, "column": 71 }
        }
      }
    },
    "branchMap": {},
    "s": {
      "0": 13,
      "1": 13,
      "2": 13,
      "3": 13,
      "4": 13,
      "5": 13,
      "6": 13,
      "7": 13,
      "8": 13,
      "9": 13,
      "10": 13,
      "11": 13,
      "12": 0,
      "13": 13,
      "14": 0,
      "15": 0,
      "16": 13,
      "17": 13,
      "18": 13,
      "19": 13
    },
    "f": { "0": 0, "1": 0, "2": 0 },
    "b": {}
  },
  "/home/gabriel/news-letter-bot/news-letter-bot-backend/src/shared/entities/visualization.entity.ts": {
    "path": "/home/gabriel/news-letter-bot/news-letter-bot-backend/src/shared/entities/visualization.entity.ts",
    "statementMap": {
      "0": {
        "start": { "line": 1, "column": 0 },
        "end": { "line": 1, "column": 135 }
      },
      "1": {
        "start": { "line": 2, "column": 0 },
        "end": { "line": 2, "column": 47 }
      },
      "2": {
        "start": { "line": 3, "column": 0 },
        "end": { "line": 3, "column": 37 }
      },
      "3": {
        "start": { "line": 4, "column": 0 },
        "end": { "line": 4, "column": 46 }
      },
      "4": {
        "start": { "line": 7, "column": 7 },
        "end": { "line": 34, "column": null }
      },
      "5": {
        "start": { "line": 8, "column": 2 },
        "end": { "line": 13, "column": null }
      },
      "6": {
        "start": { "line": 15, "column": 2 },
        "end": { "line": 17, "column": null }
      },
      "7": {
        "start": { "line": 19, "column": 2 },
        "end": { "line": 21, "column": null }
      },
      "8": {
        "start": { "line": 20, "column": 19 },
        "end": { "line": 20, "column": 28 }
      },
      "9": {
        "start": { "line": 20, "column": 45 },
        "end": { "line": 20, "column": 69 }
      },
      "10": {
        "start": { "line": 23, "column": 2 },
        "end": { "line": 25, "column": null }
      },
      "11": {
        "start": { "line": 24, "column": 19 },
        "end": { "line": 24, "column": 23 }
      },
      "12": {
        "start": { "line": 24, "column": 35 },
        "end": { "line": 24, "column": 54 }
      },
      "13": {
        "start": { "line": 27, "column": 2 },
        "end": { "line": 29, "column": null }
      },
      "14": {
        "start": { "line": 31, "column": 2 },
        "end": { "line": 33, "column": null }
      },
      "15": {
        "start": { "line": 7, "column": 13 },
        "end": { "line": 34, "column": null }
      },
      "16": {
        "start": { "line": 7, "column": 13 },
        "end": { "line": 7, "column": 26 }
      }
    },
    "fnMap": {
      "0": {
        "name": "(anonymous_2)",
        "decl": {
          "start": { "line": 20, "column": 13 },
          "end": { "line": 20, "column": 16 }
        },
        "loc": {
          "start": { "line": 20, "column": 19 },
          "end": { "line": 20, "column": 28 }
        }
      },
      "1": {
        "name": "(anonymous_3)",
        "decl": {
          "start": { "line": 20, "column": 30 },
          "end": { "line": 20, "column": 31 }
        },
        "loc": {
          "start": { "line": 20, "column": 45 },
          "end": { "line": 20, "column": 69 }
        }
      },
      "2": {
        "name": "(anonymous_4)",
        "decl": {
          "start": { "line": 24, "column": 13 },
          "end": { "line": 24, "column": 16 }
        },
        "loc": {
          "start": { "line": 24, "column": 19 },
          "end": { "line": 24, "column": 23 }
        }
      },
      "3": {
        "name": "(anonymous_5)",
        "decl": {
          "start": { "line": 24, "column": 25 },
          "end": { "line": 24, "column": 26 }
        },
        "loc": {
          "start": { "line": 24, "column": 35 },
          "end": { "line": 24, "column": 54 }
        }
      }
    },
    "branchMap": {},
    "s": {
      "0": 13,
      "1": 13,
      "2": 13,
      "3": 13,
      "4": 13,
      "5": 13,
      "6": 13,
      "7": 13,
      "8": 0,
      "9": 0,
      "10": 13,
      "11": 0,
      "12": 0,
      "13": 13,
      "14": 13,
      "15": 13,
      "16": 13
    },
    "f": { "0": 0, "1": 0, "2": 0, "3": 0 },
    "b": {}
  },
  "/home/gabriel/news-letter-bot/news-letter-bot-backend/src/shared/mocks/guilds.mock.ts": {
    "path": "/home/gabriel/news-letter-bot/news-letter-bot-backend/src/shared/mocks/guilds.mock.ts",
    "statementMap": {
      "0": {
        "start": { "line": 1, "column": 0 },
        "end": { "line": 1, "column": 13 }
      }
    },
    "fnMap": {},
    "branchMap": {},
    "s": { "0": 6 },
    "f": {},
    "b": {}
  },
  "/home/gabriel/news-letter-bot/news-letter-bot-backend/src/shared/mocks/newspapers.mock.ts": {
    "path": "/home/gabriel/news-letter-bot/news-letter-bot-backend/src/shared/mocks/newspapers.mock.ts",
    "statementMap": {
      "0": {
        "start": { "line": 1, "column": 0 },
        "end": { "line": 1, "column": 13 }
      }
    },
    "fnMap": {},
    "branchMap": {},
    "s": { "0": 4 },
    "f": {},
    "b": {}
  },
  "/home/gabriel/news-letter-bot/news-letter-bot-backend/src/shared/mocks/users.mock.ts": {
    "path": "/home/gabriel/news-letter-bot/news-letter-bot-backend/src/shared/mocks/users.mock.ts",
    "statementMap": {
      "0": {
        "start": { "line": 1, "column": 0 },
        "end": { "line": 1, "column": 13 }
      }
    },
    "fnMap": {},
    "branchMap": {},
    "s": { "0": 7 },
    "f": {},
    "b": {}
  },
  "/home/gabriel/news-letter-bot/news-letter-bot-backend/src/shared/mocks/visualizations.mock.ts": {
    "path": "/home/gabriel/news-letter-bot/news-letter-bot-backend/src/shared/mocks/visualizations.mock.ts",
    "statementMap": {
      "0": {
        "start": { "line": 1, "column": 0 },
        "end": { "line": 1, "column": 13 }
      }
    },
    "fnMap": {},
    "branchMap": {},
    "s": { "0": 2 },
    "f": {},
    "b": {}
  }
}
