TN:
SF:src/app.module.ts
FN:14,(anonymous_1)
FNF:1
FNH:0
FNDA:0,(anonymous_1)
DA:1,0
DA:2,0
DA:3,0
DA:4,0
DA:5,0
DA:6,0
DA:7,0
DA:14,0
DA:34,0
LF:9
LH:0
BRF:0
BRH:0
end_of_record
TN:
SF:src/main.ts
FN:6,bootstrap
FNF:1
FNH:0
FNDA:0,bootstrap
DA:1,0
DA:2,0
DA:3,0
DA:4,0
DA:7,0
DA:8,0
DA:18,0
DA:24,0
DA:25,0
DA:27,0
DA:29,0
LF:11
LH:0
BRF:0
BRH:0
end_of_record
TN:
SF:src/config/apiTags.ts
FNF:0
FNH:0
DA:1,13
DA:2,13
DA:3,13
LF:3
LH:3
BRF:0
BRH:0
end_of_record
TN:
SF:src/config/errorsMessages.ts
FN:1,alreadyExist
FN:5,notFound
FNF:2
FNH:0
FNDA:0,alreadyExist
FNDA:0,notFound
DA:1,13
DA:2,0
DA:5,13
DA:6,0
LF:4
LH:2
BRF:0
BRH:0
end_of_record
TN:
SF:src/config/index.ts
FNF:0
FNH:0
DA:1,13
DA:2,13
DA:3,13
LF:3
LH:3
BRF:0
BRH:0
end_of_record
TN:
SF:src/config/routesNames.ts
FNF:0
FNH:0
DA:1,13
DA:2,13
DA:3,13
LF:3
LH:3
BRF:0
BRH:0
end_of_record
TN:
SF:src/modules/guilds/guilds.module.ts
FNF:0
FNH:0
DA:1,0
DA:2,0
DA:3,0
DA:4,0
DA:5,0
DA:6,0
DA:7,0
DA:8,0
DA:9,0
DA:10,0
DA:11,0
DA:28,0
LF:12
LH:0
BRF:0
BRH:0
end_of_record
TN:
SF:src/modules/guilds/contexts/create/create.controller.ts
FN:11,(anonymous_4)
FN:18,(anonymous_5)
FNF:2
FNH:1
FNDA:1,(anonymous_4)
FNDA:0,(anonymous_5)
DA:1,1
DA:2,1
DA:3,1
DA:4,1
DA:5,1
DA:6,1
DA:10,1
DA:11,1
DA:13,1
DA:19,0
LF:10
LH:9
BRF:0
BRH:0
end_of_record
TN:
SF:src/modules/guilds/contexts/create/create.dto.ts
FNF:0
FNH:0
DA:1,1
DA:2,1
DA:4,1
DA:5,1
DA:10,1
DA:15,1
LF:6
LH:6
BRF:0
BRH:0
end_of_record
TN:
SF:src/modules/guilds/contexts/create/create.service.ts
FN:12,(anonymous_4)
FN:16,(anonymous_5)
FNF:2
FNH:1
FNDA:1,(anonymous_4)
FNDA:0,(anonymous_5)
DA:1,1
DA:3,1
DA:4,1
DA:5,1
DA:6,1
DA:9,1
DA:10,1
DA:13,1
DA:17,0
DA:19,0
DA:23,0
DA:24,0
DA:27,0
DA:29,0
LF:14
LH:8
BRDA:23,0,0,0
BRF:1
BRH:0
end_of_record
TN:
SF:src/modules/guilds/contexts/delete/delete.controller.ts
FN:15,(anonymous_4)
FN:23,(anonymous_5)
FNF:2
FNH:1
FNDA:1,(anonymous_4)
FNDA:0,(anonymous_5)
DA:1,1
DA:8,1
DA:9,1
DA:10,1
DA:14,1
DA:15,1
DA:23,1
DA:24,0
LF:8
LH:7
BRF:0
BRH:0
end_of_record
TN:
SF:src/modules/guilds/contexts/delete/delete.service.ts
FN:10,(anonymous_4)
FN:13,(anonymous_5)
FNF:2
FNH:1
FNDA:1,(anonymous_4)
FNDA:0,(anonymous_5)
DA:1,1
DA:2,1
DA:3,1
DA:4,1
DA:5,1
DA:8,1
DA:9,1
DA:11,1
DA:14,0
DA:16,0
DA:20,0
DA:21,0
DA:24,0
LF:13
LH:8
BRDA:20,0,0,0
BRF:1
BRH:0
end_of_record
TN:
SF:src/modules/guilds/contexts/find/find.controller.ts
FN:10,(anonymous_4)
FN:17,(anonymous_5)
FNF:2
FNH:1
FNDA:1,(anonymous_4)
FNDA:0,(anonymous_5)
DA:1,1
DA:2,1
DA:3,1
DA:4,1
DA:5,1
DA:9,1
DA:10,1
DA:12,1
DA:18,0
LF:9
LH:8
BRF:0
BRH:0
end_of_record
TN:
SF:src/modules/guilds/contexts/find/find.service.ts
FN:10,(anonymous_4)
FN:13,(anonymous_5)
FNF:2
FNH:1
FNDA:1,(anonymous_4)
FNDA:0,(anonymous_5)
DA:1,1
DA:2,1
DA:3,1
DA:4,1
DA:5,1
DA:8,1
DA:9,1
DA:11,1
DA:14,0
DA:15,0
DA:17,0
DA:18,0
DA:21,0
LF:13
LH:8
BRDA:17,0,0,0
BRF:1
BRH:0
end_of_record
TN:
SF:src/modules/guilds/contexts/update/update.controller.ts
FN:11,(anonymous_4)
FN:18,(anonymous_5)
FNF:2
FNH:1
FNDA:1,(anonymous_4)
FNDA:0,(anonymous_5)
DA:1,1
DA:2,1
DA:3,1
DA:5,1
DA:6,1
DA:10,1
DA:11,1
DA:13,1
DA:19,0
LF:9
LH:8
BRF:0
BRH:0
end_of_record
TN:
SF:src/modules/guilds/contexts/update/update.dto.ts
FNF:0
FNH:0
DA:1,1
DA:2,1
DA:4,1
DA:5,1
DA:10,1
DA:15,1
LF:6
LH:6
BRF:0
BRH:0
end_of_record
TN:
SF:src/modules/guilds/contexts/update/update.service.ts
FN:11,(anonymous_4)
FN:14,(anonymous_5)
FNF:2
FNH:1
FNDA:1,(anonymous_4)
FNDA:0,(anonymous_5)
DA:1,1
DA:2,1
DA:3,1
DA:4,1
DA:5,1
DA:9,1
DA:10,1
DA:12,1
DA:15,0
DA:17,0
DA:21,0
DA:22,0
DA:25,0
LF:13
LH:8
BRDA:21,0,0,0
BRF:1
BRH:0
end_of_record
TN:
SF:src/modules/news/news.module.ts
FNF:0
FNH:0
DA:1,0
DA:2,0
DA:3,0
DA:4,0
DA:5,0
DA:6,0
DA:7,0
DA:8,0
DA:9,0
DA:10,0
DA:11,0
DA:12,0
DA:30,0
LF:13
LH:0
BRF:0
BRH:0
end_of_record
TN:
SF:src/modules/news/contexts/create/create.controller.ts
FN:11,(anonymous_4)
FN:18,(anonymous_5)
FNF:2
FNH:1
FNDA:1,(anonymous_4)
FNDA:0,(anonymous_5)
DA:1,1
DA:2,1
DA:3,1
DA:4,1
DA:5,1
DA:6,1
DA:10,1
DA:11,1
DA:13,1
DA:19,0
LF:10
LH:9
BRF:0
BRH:0
end_of_record
TN:
SF:src/modules/news/contexts/create/create.dto.ts
FNF:0
FNH:0
DA:1,1
DA:2,1
DA:4,1
DA:5,1
DA:10,1
LF:5
LH:5
BRF:0
BRH:0
end_of_record
TN:
SF:src/modules/news/contexts/create/create.service.ts
FN:10,(anonymous_4)
FN:13,(anonymous_5)
FNF:2
FNH:1
FNDA:1,(anonymous_4)
FNDA:0,(anonymous_5)
DA:1,1
DA:2,1
DA:3,1
DA:4,1
DA:8,1
DA:9,1
DA:11,1
DA:14,0
DA:16,0
DA:22,0
DA:23,0
DA:26,0
DA:27,0
LF:13
LH:7
BRDA:22,0,0,0
BRF:1
BRH:0
end_of_record
TN:
SF:src/modules/news/contexts/find/find.controller.ts
FN:10,(anonymous_4)
FN:18,(anonymous_5)
FNF:2
FNH:1
FNDA:1,(anonymous_4)
FNDA:0,(anonymous_5)
DA:1,1
DA:2,1
DA:3,1
DA:4,1
DA:5,1
DA:9,1
DA:10,1
DA:12,1
DA:19,0
LF:9
LH:8
BRF:0
BRH:0
end_of_record
TN:
SF:src/modules/news/contexts/find/find.service.ts
FN:11,(anonymous_4)
FN:14,(anonymous_5)
FN:32,(anonymous_6)
FN:32,(anonymous_7)
FN:34,(anonymous_8)
FN:34,(anonymous_9)
FNF:6
FNH:1
FNDA:1,(anonymous_4)
FNDA:0,(anonymous_5)
FNDA:0,(anonymous_6)
FNDA:0,(anonymous_7)
FNDA:0,(anonymous_8)
FNDA:0,(anonymous_9)
DA:1,1
DA:2,1
DA:3,1
DA:4,1
DA:6,1
DA:9,1
DA:10,1
DA:12,1
DA:15,0
DA:18,0
DA:28,0
DA:30,0
DA:32,0
DA:34,0
DA:36,0
DA:38,0
DA:45,0
LF:17
LH:8
BRDA:28,0,0,0
BRF:1
BRH:0
end_of_record
TN:
SF:src/modules/news/contexts/getByUser/getByUser.controller.ts
FN:10,(anonymous_4)
FN:18,(anonymous_5)
FNF:2
FNH:1
FNDA:1,(anonymous_4)
FNDA:0,(anonymous_5)
DA:1,1
DA:2,1
DA:3,1
DA:4,1
DA:5,1
DA:9,1
DA:10,1
DA:12,1
DA:19,0
LF:9
LH:8
BRF:0
BRH:0
end_of_record
TN:
SF:src/modules/news/contexts/getByUser/getByUser.service.ts
FN:11,(anonymous_4)
FN:16,(anonymous_5)
FN:30,(anonymous_6)
FN:53,(anonymous_7)
FN:53,(anonymous_8)
FN:55,(anonymous_9)
FN:55,(anonymous_10)
FNF:7
FNH:1
FNDA:1,(anonymous_4)
FNDA:0,(anonymous_5)
FNDA:0,(anonymous_6)
FNDA:0,(anonymous_7)
FNDA:0,(anonymous_8)
FNDA:0,(anonymous_9)
FNDA:0,(anonymous_10)
DA:1,1
DA:2,1
DA:3,1
DA:4,1
DA:5,1
DA:6,1
DA:9,1
DA:10,1
DA:12,1
DA:13,1
DA:14,1
DA:17,0
DA:19,0
DA:26,0
DA:27,0
DA:30,0
DA:32,0
DA:43,0
DA:49,0
DA:51,0
DA:53,0
DA:55,0
DA:57,0
DA:59,0
DA:66,0
LF:25
LH:11
BRDA:26,0,0,0
BRDA:30,1,0,0
BRDA:30,1,1,0
BRDA:30,2,0,0
BRDA:30,2,1,0
BRDA:30,3,0,0
BRDA:30,3,1,0
BRDA:30,4,0,0
BRDA:30,4,1,0
BRF:9
BRH:0
end_of_record
TN:
SF:src/modules/news/contexts/grade/grade.controller.ts
FN:10,(anonymous_4)
FN:21,(anonymous_5)
FNF:2
FNH:1
FNDA:1,(anonymous_4)
FNDA:0,(anonymous_5)
DA:1,1
DA:2,1
DA:3,1
DA:4,1
DA:5,1
DA:9,1
DA:10,1
DA:12,1
DA:22,0
LF:9
LH:8
BRF:0
BRH:0
end_of_record
TN:
SF:src/modules/news/contexts/grade/grade.service.ts
FN:11,(anonymous_4)
FN:16,(anonymous_5)
FN:74,(anonymous_6)
FN:74,(anonymous_7)
FN:76,(anonymous_8)
FN:76,(anonymous_9)
FNF:6
FNH:1
FNDA:1,(anonymous_4)
FNDA:0,(anonymous_5)
FNDA:0,(anonymous_6)
FNDA:0,(anonymous_7)
FNDA:0,(anonymous_8)
FNDA:0,(anonymous_9)
DA:1,1
DA:2,1
DA:3,1
DA:4,1
DA:5,1
DA:6,1
DA:9,1
DA:10,1
DA:12,1
DA:13,1
DA:14,1
DA:17,0
DA:19,0
DA:20,0
DA:23,0
DA:30,0
DA:32,0
DA:34,0
DA:36,0
DA:38,0
DA:39,0
DA:41,0
DA:52,0
DA:53,0
DA:59,0
DA:61,0
DA:62,0
DA:65,0
DA:72,0
DA:74,0
DA:76,0
DA:78,0
DA:80,0
DA:87,0
LF:34
LH:11
BRDA:19,0,0,0
BRDA:19,1,0,0
BRDA:19,1,1,0
BRDA:30,2,0,0
BRDA:34,3,0,0
BRDA:38,4,0,0
BRDA:38,4,1,0
BRDA:52,5,0,0
BRDA:52,5,1,0
BRF:9
BRH:0
end_of_record
TN:
SF:src/modules/users/users.module.ts
FNF:0
FNH:0
DA:1,0
DA:2,0
DA:3,0
DA:4,0
DA:5,0
DA:6,0
DA:7,0
DA:8,0
DA:9,0
DA:10,0
DA:11,0
DA:12,0
DA:13,0
DA:32,0
LF:14
LH:0
BRF:0
BRH:0
end_of_record
TN:
SF:src/modules/users/contexts/addGuild/addGuild.controller.ts
FN:11,(anonymous_4)
FN:19,(anonymous_5)
FNF:2
FNH:1
FNDA:1,(anonymous_4)
FNDA:0,(anonymous_5)
DA:1,1
DA:2,1
DA:3,1
DA:4,1
DA:6,1
DA:10,1
DA:11,1
DA:13,1
DA:20,0
LF:9
LH:8
BRF:0
BRH:0
end_of_record
TN:
SF:src/modules/users/contexts/addGuild/addGuild.dto.ts
FNF:0
FNH:0
DA:1,1
DA:2,1
DA:4,1
DA:5,1
LF:4
LH:4
BRF:0
BRH:0
end_of_record
TN:
SF:src/modules/users/contexts/addGuild/addGuild.service.ts
FN:16,(anonymous_4)
FN:20,(anonymous_5)
FN:41,(anonymous_6)
FNF:3
FNH:1
FNDA:1,(anonymous_4)
FNDA:0,(anonymous_5)
FNDA:0,(anonymous_6)
DA:1,1
DA:6,1
DA:7,1
DA:8,1
DA:9,1
DA:10,1
DA:14,1
DA:15,1
DA:17,1
DA:18,1
DA:21,0
DA:23,0
DA:28,0
DA:32,0
DA:33,0
DA:36,0
DA:37,0
DA:40,0
DA:41,0
DA:44,0
DA:45,0
DA:48,0
LF:22
LH:10
BRDA:32,0,0,0
BRDA:36,1,0,0
BRDA:44,2,0,0
BRF:3
BRH:0
end_of_record
TN:
SF:src/modules/users/contexts/create/create.controller.ts
FN:12,(anonymous_4)
FN:20,(anonymous_5)
FNF:2
FNH:1
FNDA:1,(anonymous_4)
FNDA:0,(anonymous_5)
DA:1,1
DA:2,1
DA:3,1
DA:4,1
DA:6,1
DA:10,1
DA:12,1
DA:14,1
DA:21,0
LF:9
LH:8
BRF:0
BRH:0
end_of_record
TN:
SF:src/modules/users/contexts/create/create.dto.ts
FNF:0
FNH:0
DA:1,3
DA:2,3
DA:3,3
DA:5,3
DA:6,3
DA:11,3
DA:16,3
DA:21,3
DA:26,3
DA:33,3
DA:34,3
DA:39,3
DA:44,3
DA:49,3
DA:54,3
LF:15
LH:15
BRF:0
BRH:0
end_of_record
TN:
SF:src/modules/users/contexts/create/create.service.ts
FN:17,(anonymous_4)
FN:21,(anonymous_5)
FNF:2
FNH:1
FNDA:1,(anonymous_4)
FNDA:0,(anonymous_5)
DA:1,1
DA:8,1
DA:9,1
DA:10,1
DA:11,1
DA:12,1
DA:15,1
DA:16,1
DA:18,1
DA:19,1
DA:22,0
DA:24,0
DA:29,0
DA:33,0
DA:34,0
DA:37,0
DA:38,0
DA:41,0
DA:42,0
LF:19
LH:10
BRDA:33,0,0,0
BRDA:37,1,0,0
BRF:2
BRH:0
end_of_record
TN:
SF:src/modules/users/contexts/delete/delete.controller.ts
FN:15,(anonymous_4)
FN:23,(anonymous_5)
FNF:2
FNH:1
FNDA:1,(anonymous_4)
FNDA:0,(anonymous_5)
DA:1,1
DA:8,1
DA:9,1
DA:10,1
DA:14,1
DA:15,1
DA:23,1
DA:24,0
LF:8
LH:7
BRF:0
BRH:0
end_of_record
TN:
SF:src/modules/users/contexts/delete/delete.service.ts
FN:10,(anonymous_4)
FN:13,(anonymous_5)
FNF:2
FNH:1
FNDA:1,(anonymous_4)
FNDA:0,(anonymous_5)
DA:1,1
DA:2,1
DA:3,1
DA:4,1
DA:5,1
DA:8,1
DA:9,1
DA:11,1
DA:14,0
DA:16,0
DA:20,0
DA:21,0
DA:24,0
LF:13
LH:8
BRDA:20,0,0,0
BRF:1
BRH:0
end_of_record
TN:
SF:src/modules/users/contexts/find/find.controller.ts
FN:11,(anonymous_4)
FN:19,(anonymous_5)
FNF:2
FNH:1
FNDA:1,(anonymous_4)
FNDA:0,(anonymous_5)
DA:1,1
DA:2,1
DA:3,1
DA:5,1
DA:6,1
DA:10,1
DA:11,1
DA:13,1
DA:20,0
LF:9
LH:8
BRF:0
BRH:0
end_of_record
TN:
SF:src/modules/users/contexts/find/find.service.ts
FN:10,(anonymous_4)
FN:13,(anonymous_5)
FNF:2
FNH:1
FNDA:1,(anonymous_4)
FNDA:0,(anonymous_5)
DA:1,1
DA:2,1
DA:3,1
DA:4,1
DA:5,1
DA:8,1
DA:9,1
DA:11,1
DA:14,0
DA:16,0
DA:21,0
DA:22,0
DA:25,0
LF:13
LH:8
BRDA:21,0,0,0
BRF:1
BRH:0
end_of_record
TN:
SF:src/modules/users/contexts/update/update.controller.ts
FN:12,(anonymous_4)
FN:20,(anonymous_5)
FNF:2
FNH:1
FNDA:1,(anonymous_4)
FNDA:0,(anonymous_5)
DA:1,1
DA:2,1
DA:3,1
DA:5,1
DA:6,1
DA:7,1
DA:11,1
DA:12,1
DA:14,1
DA:21,0
LF:10
LH:9
BRF:0
BRH:0
end_of_record
TN:
SF:src/modules/users/contexts/update/update.dto.ts
FNF:0
FNH:0
DA:1,1
DA:2,1
DA:4,1
DA:5,1
DA:10,1
DA:15,1
LF:6
LH:6
BRF:0
BRH:0
end_of_record
TN:
SF:src/modules/users/contexts/update/update.service.ts
FN:12,(anonymous_4)
FN:15,(anonymous_5)
FNF:2
FNH:1
FNDA:1,(anonymous_4)
FNDA:0,(anonymous_5)
DA:1,1
DA:2,1
DA:3,1
DA:4,1
DA:5,1
DA:9,1
DA:10,1
DA:13,1
DA:16,0
DA:18,0
DA:23,0
DA:24,0
DA:27,0
LF:13
LH:8
BRDA:23,0,0,0
BRDA:29,1,0,0
BRDA:29,1,1,0
BRDA:31,2,0,0
BRDA:31,2,1,0
BRDA:32,3,0,0
BRDA:32,3,1,0
BRF:7
BRH:0
end_of_record
TN:
SF:src/shared/entities/guild.entity.ts
FNF:0
FNH:0
DA:1,13
DA:2,13
DA:3,13
DA:6,13
DA:7,13
DA:14,13
DA:20,13
DA:27,13
DA:35,13
DA:39,13
LF:10
LH:10
BRF:0
BRH:0
end_of_record
TN:
SF:src/shared/entities/index.ts
FN:8,(anonymous_0)
FN:8,(anonymous_1)
FN:8,(anonymous_2)
FN:8,(anonymous_3)
FNF:4
FNH:4
FNDA:15,(anonymous_0)
FNDA:12,(anonymous_1)
FNDA:7,(anonymous_2)
FNDA:4,(anonymous_3)
DA:1,13
DA:2,13
DA:3,13
DA:4,13
DA:6,13
DA:8,28
DA:10,13
LF:7
LH:7
BRF:0
BRH:0
end_of_record
TN:
SF:src/shared/entities/newspaper.entity.ts
FN:27,(anonymous_2)
FN:27,(anonymous_3)
FNF:2
FNH:0
FNDA:0,(anonymous_2)
FNDA:0,(anonymous_3)
DA:1,13
DA:2,13
DA:3,13
DA:6,13
DA:7,13
DA:14,13
DA:20,13
DA:26,13
DA:27,0
DA:30,13
DA:34,13
LF:11
LH:10
BRF:0
BRH:0
end_of_record
TN:
SF:src/shared/entities/user.entity.ts
FN:55,(anonymous_2)
FN:70,(anonymous_3)
FN:70,(anonymous_4)
FNF:3
FNH:0
FNDA:0,(anonymous_2)
FNDA:0,(anonymous_3)
FNDA:0,(anonymous_4)
DA:1,13
DA:11,13
DA:12,13
DA:13,13
DA:14,13
DA:17,13
DA:18,13
DA:25,13
DA:31,13
DA:38,13
DA:46,13
DA:54,13
DA:55,0
DA:69,13
DA:70,0
DA:73,13
DA:77,13
LF:17
LH:15
BRF:0
BRH:0
end_of_record
TN:
SF:src/shared/entities/visualization.entity.ts
FN:20,(anonymous_2)
FN:20,(anonymous_3)
FN:24,(anonymous_4)
FN:24,(anonymous_5)
FNF:4
FNH:0
FNDA:0,(anonymous_2)
FNDA:0,(anonymous_3)
FNDA:0,(anonymous_4)
FNDA:0,(anonymous_5)
DA:1,13
DA:2,13
DA:3,13
DA:4,13
DA:7,13
DA:8,13
DA:15,13
DA:19,13
DA:20,0
DA:23,13
DA:24,0
DA:27,13
DA:31,13
LF:13
LH:11
BRF:0
BRH:0
end_of_record
TN:
SF:src/shared/mocks/guilds.mock.ts
FNF:0
FNH:0
DA:1,6
LF:1
LH:1
BRF:0
BRH:0
end_of_record
TN:
SF:src/shared/mocks/newspapers.mock.ts
FNF:0
FNH:0
DA:1,4
LF:1
LH:1
BRF:0
BRH:0
end_of_record
TN:
SF:src/shared/mocks/users.mock.ts
FNF:0
FNH:0
DA:1,7
LF:1
LH:1
BRF:0
BRH:0
end_of_record
TN:
SF:src/shared/mocks/visualizations.mock.ts
FNF:0
FNH:0
DA:1,2
LF:1
LH:1
BRF:0
BRH:0
end_of_record
